{"/Users/seon-yeong/work/react-week9-project/src/App.jsx": {"path":"/Users/seon-yeong/work/react-week9-project/src/App.jsx","statementMap":{"0":{"start":{"line":21,"column":15},"end":{"line":23,"column":4}},"1":{"start":{"line":25,"column":19},"end":{"line":27,"column":4}},"2":{"start":{"line":26,"column":4},"end":{"line":26,"column":18}},"3":{"start":{"line":29,"column":2},"end":{"line":78,"column":3}}},"fnMap":{"0":{"name":"App","decl":{"start":{"line":20,"column":24},"end":{"line":20,"column":27}},"loc":{"start":{"line":20,"column":30},"end":{"line":79,"column":1}},"line":20},"1":{"name":"(anonymous_1)","decl":{"start":{"line":25,"column":31},"end":{"line":25,"column":32}},"loc":{"start":{"line":26,"column":4},"end":{"line":26,"column":18}},"line":26}},"branchMap":{"0":{"loc":{"start":{"line":37,"column":10},"end":{"line":38,"column":31}},"type":"cond-expr","locations":[{"start":{"line":38,"column":12},"end":{"line":38,"column":26}},{"start":{"line":38,"column":29},"end":{"line":38,"column":31}}],"line":37}},"s":{"0":3,"1":3,"2":0,"3":3},"f":{"0":3,"1":0},"b":{"0":[0,3]},"_coverageSchema":"1a1c01bbd47fc00a2c39e90264f33305004495a9","hash":"0841dffa18358ba34d20b346c8d211e79ed4365e"}
,"/Users/seon-yeong/work/react-week9-project/src/kakao.js": {"path":"/Users/seon-yeong/work/react-week9-project/src/kakao.js","statementMap":{"0":{"start":{"line":4,"column":27},"end":{"line":4,"column":69}},"1":{"start":{"line":5,"column":21},"end":{"line":5,"column":40}},"2":{"start":{"line":7,"column":2},"end":{"line":43,"column":3}},"3":{"start":{"line":8,"column":18},"end":{"line":8,"column":30}},"4":{"start":{"line":10,"column":4},"end":{"line":12,"column":5}},"5":{"start":{"line":11,"column":6},"end":{"line":11,"column":52}},"6":{"start":{"line":14,"column":4},"end":{"line":42,"column":6}},"7":{"start":{"line":47,"column":20},"end":{"line":47,"column":50}},"8":{"start":{"line":49,"column":18},"end":{"line":52,"column":3}},"9":{"start":{"line":54,"column":14},"end":{"line":54,"column":59}},"10":{"start":{"line":56,"column":2},"end":{"line":56,"column":13}}},"fnMap":{"0":{"name":"createKakaoBtn","decl":{"start":{"line":3,"column":16},"end":{"line":3,"column":30}},"loc":{"start":{"line":3,"column":33},"end":{"line":44,"column":1}},"line":3},"1":{"name":"createMap","decl":{"start":{"line":46,"column":16},"end":{"line":46,"column":25}},"loc":{"start":{"line":46,"column":36},"end":{"line":57,"column":1}},"line":46}},"branchMap":{"0":{"loc":{"start":{"line":7,"column":2},"end":{"line":43,"column":3}},"type":"if","locations":[{"start":{"line":7,"column":2},"end":{"line":43,"column":3}},{"start":{},"end":{}}],"line":7},"1":{"loc":{"start":{"line":10,"column":4},"end":{"line":12,"column":5}},"type":"if","locations":[{"start":{"line":10,"column":4},"end":{"line":12,"column":5}},{"start":{},"end":{}}],"line":10},"2":{"loc":{"start":{"line":19,"column":24},"end":{"line":19,"column":77}},"type":"cond-expr","locations":[{"start":{"line":19,"column":51},"end":{"line":19,"column":53}},{"start":{"line":19,"column":56},"end":{"line":19,"column":77}}],"line":19}},"s":{"0":0,"1":0,"2":0,"3":0,"4":0,"5":0,"6":0,"7":0,"8":0,"9":0,"10":0},"f":{"0":0,"1":0},"b":{"0":[0,0],"1":[0,0],"2":[0,0]},"_coverageSchema":"1a1c01bbd47fc00a2c39e90264f33305004495a9","hash":"80e951079683108f4b857530839822eae27179ab"}
,"/Users/seon-yeong/work/react-week9-project/src/slice.js": {"path":"/Users/seon-yeong/work/react-week9-project/src/slice.js","statementMap":{"0":{"start":{"line":23,"column":29},"end":{"line":315,"column":2}},"1":{"start":{"line":65,"column":6},"end":{"line":68,"column":7}},"2":{"start":{"line":72,"column":6},"end":{"line":75,"column":7}},"3":{"start":{"line":80,"column":6},"end":{"line":83,"column":7}},"4":{"start":{"line":88,"column":6},"end":{"line":91,"column":7}},"5":{"start":{"line":96,"column":6},"end":{"line":99,"column":7}},"6":{"start":{"line":104,"column":6},"end":{"line":110,"column":7}},"7":{"start":{"line":115,"column":23},"end":{"line":115,"column":48}},"8":{"start":{"line":117,"column":6},"end":{"line":124,"column":7}},"9":{"start":{"line":129,"column":6},"end":{"line":132,"column":7}},"10":{"start":{"line":136,"column":6},"end":{"line":139,"column":7}},"11":{"start":{"line":143,"column":6},"end":{"line":146,"column":7}},"12":{"start":{"line":150,"column":6},"end":{"line":153,"column":7}},"13":{"start":{"line":158,"column":6},"end":{"line":163,"column":7}},"14":{"start":{"line":168,"column":6},"end":{"line":175,"column":7}},"15":{"start":{"line":179,"column":6},"end":{"line":186,"column":7}},"16":{"start":{"line":193,"column":10},"end":{"line":193,"column":15}},"17":{"start":{"line":195,"column":6},"end":{"line":208,"column":7}},"18":{"start":{"line":197,"column":8},"end":{"line":201,"column":9}},"19":{"start":{"line":203,"column":8},"end":{"line":207,"column":9}},"20":{"start":{"line":217,"column":10},"end":{"line":217,"column":15}},"21":{"start":{"line":219,"column":6},"end":{"line":255,"column":7}},"22":{"start":{"line":223,"column":8},"end":{"line":230,"column":9}},"23":{"start":{"line":231,"column":13},"end":{"line":255,"column":7}},"24":{"start":{"line":234,"column":8},"end":{"line":245,"column":9}},"25":{"start":{"line":237,"column":12},"end":{"line":237,"column":55}},"26":{"start":{"line":239,"column":12},"end":{"line":239,"column":55}},"27":{"start":{"line":247,"column":8},"end":{"line":254,"column":9}},"28":{"start":{"line":264,"column":10},"end":{"line":264,"column":15}},"29":{"start":{"line":266,"column":6},"end":{"line":302,"column":7}},"30":{"start":{"line":270,"column":8},"end":{"line":277,"column":9}},"31":{"start":{"line":278,"column":13},"end":{"line":302,"column":7}},"32":{"start":{"line":281,"column":8},"end":{"line":292,"column":9}},"33":{"start":{"line":284,"column":12},"end":{"line":284,"column":49}},"34":{"start":{"line":286,"column":12},"end":{"line":286,"column":49}},"35":{"start":{"line":294,"column":8},"end":{"line":301,"column":9}},"36":{"start":{"line":306,"column":6},"end":{"line":312,"column":7}},"37":{"start":{"line":336,"column":4},"end":{"line":336,"column":11}},"38":{"start":{"line":342,"column":2},"end":{"line":373,"column":4}},"39":{"start":{"line":345,"column":8},"end":{"line":345,"column":18}},"40":{"start":{"line":348,"column":6},"end":{"line":351,"column":7}},"41":{"start":{"line":349,"column":23},"end":{"line":349,"column":58}},"42":{"start":{"line":350,"column":8},"end":{"line":350,"column":21}},"43":{"start":{"line":352,"column":6},"end":{"line":357,"column":7}},"44":{"start":{"line":353,"column":24},"end":{"line":353,"column":57}},"45":{"start":{"line":354,"column":24},"end":{"line":354,"column":59}},"46":{"start":{"line":355,"column":23},"end":{"line":355,"column":47}},"47":{"start":{"line":356,"column":8},"end":{"line":356,"column":21}},"48":{"start":{"line":358,"column":6},"end":{"line":364,"column":7}},"49":{"start":{"line":359,"column":24},"end":{"line":359,"column":58}},"50":{"start":{"line":360,"column":24},"end":{"line":360,"column":59}},"51":{"start":{"line":361,"column":24},"end":{"line":361,"column":60}},"52":{"start":{"line":362,"column":23},"end":{"line":362,"column":59}},"53":{"start":{"line":363,"column":8},"end":{"line":363,"column":21}},"54":{"start":{"line":364,"column":8},"end":{"line":364,"column":26}},"55":{"start":{"line":367,"column":43},"end":{"line":367,"column":74}},"56":{"start":{"line":370,"column":4},"end":{"line":372,"column":8}},"57":{"start":{"line":378,"column":2},"end":{"line":413,"column":3}},"58":{"start":{"line":382,"column":8},"end":{"line":382,"column":18}},"59":{"start":{"line":385,"column":33},"end":{"line":385,"column":79}},"60":{"start":{"line":386,"column":21},"end":{"line":386,"column":44}},"61":{"start":{"line":387,"column":6},"end":{"line":387,"column":19}},"62":{"start":{"line":391,"column":33},"end":{"line":391,"column":84}},"63":{"start":{"line":392,"column":21},"end":{"line":392,"column":44}},"64":{"start":{"line":393,"column":6},"end":{"line":393,"column":19}},"65":{"start":{"line":399,"column":6},"end":{"line":403,"column":7}},"66":{"start":{"line":400,"column":8},"end":{"line":400,"column":61}},"67":{"start":{"line":402,"column":8},"end":{"line":402,"column":73}},"68":{"start":{"line":406,"column":42},"end":{"line":408,"column":5}},"69":{"start":{"line":410,"column":4},"end":{"line":412,"column":8}},"70":{"start":{"line":418,"column":2},"end":{"line":455,"column":3}},"71":{"start":{"line":423,"column":8},"end":{"line":423,"column":18}},"72":{"start":{"line":426,"column":30},"end":{"line":426,"column":70}},"73":{"start":{"line":427,"column":21},"end":{"line":427,"column":41}},"74":{"start":{"line":428,"column":6},"end":{"line":428,"column":19}},"75":{"start":{"line":432,"column":30},"end":{"line":432,"column":78}},"76":{"start":{"line":433,"column":21},"end":{"line":433,"column":41}},"77":{"start":{"line":434,"column":6},"end":{"line":434,"column":19}},"78":{"start":{"line":440,"column":6},"end":{"line":445,"column":7}},"79":{"start":{"line":441,"column":8},"end":{"line":441,"column":58}},"80":{"start":{"line":442,"column":13},"end":{"line":445,"column":7}},"81":{"start":{"line":444,"column":8},"end":{"line":444,"column":76}},"82":{"start":{"line":448,"column":39},"end":{"line":450,"column":5}},"83":{"start":{"line":452,"column":4},"end":{"line":454,"column":8}},"84":{"start":{"line":460,"column":2},"end":{"line":521,"column":3}},"85":{"start":{"line":461,"column":4},"end":{"line":461,"column":90}},"86":{"start":{"line":462,"column":29},"end":{"line":462,"column":71}},"87":{"start":{"line":465,"column":6},"end":{"line":488,"column":7}},"88":{"start":{"line":466,"column":30},"end":{"line":466,"column":69}},"89":{"start":{"line":468,"column":8},"end":{"line":480,"column":9}},"90":{"start":{"line":469,"column":44},"end":{"line":471,"column":11}},"91":{"start":{"line":470,"column":12},"end":{"line":470,"column":49}},"92":{"start":{"line":472,"column":10},"end":{"line":479,"column":11}},"93":{"start":{"line":473,"column":37},"end":{"line":475,"column":13}},"94":{"start":{"line":476,"column":12},"end":{"line":476,"column":40}},"95":{"start":{"line":477,"column":12},"end":{"line":477,"column":77}},"96":{"start":{"line":478,"column":12},"end":{"line":478,"column":54}},"97":{"start":{"line":482,"column":13},"end":{"line":488,"column":7}},"98":{"start":{"line":483,"column":8},"end":{"line":483,"column":35}},"99":{"start":{"line":484,"column":8},"end":{"line":484,"column":15}},"100":{"start":{"line":485,"column":13},"end":{"line":488,"column":7}},"101":{"start":{"line":486,"column":8},"end":{"line":486,"column":37}},"102":{"start":{"line":487,"column":8},"end":{"line":487,"column":15}},"103":{"start":{"line":493,"column":6},"end":{"line":493,"column":38}},"104":{"start":{"line":494,"column":6},"end":{"line":497,"column":9}},"105":{"start":{"line":501,"column":31},"end":{"line":501,"column":73}},"106":{"start":{"line":502,"column":37},"end":{"line":502,"column":56}},"107":{"start":{"line":503,"column":23},"end":{"line":503,"column":48}},"108":{"start":{"line":505,"column":31},"end":{"line":505,"column":74}},"109":{"start":{"line":506,"column":25},"end":{"line":506,"column":56}},"110":{"start":{"line":507,"column":24},"end":{"line":507,"column":54}},"111":{"start":{"line":510,"column":6},"end":{"line":510,"column":54}},"112":{"start":{"line":511,"column":6},"end":{"line":511,"column":42}},"113":{"start":{"line":512,"column":6},"end":{"line":512,"column":40}},"114":{"start":{"line":514,"column":6},"end":{"line":519,"column":7}},"115":{"start":{"line":515,"column":33},"end":{"line":515,"column":83}},"116":{"start":{"line":516,"column":8},"end":{"line":516,"column":57}},"117":{"start":{"line":518,"column":8},"end":{"line":518,"column":43}},"118":{"start":{"line":526,"column":2},"end":{"line":570,"column":3}},"119":{"start":{"line":529,"column":8},"end":{"line":529,"column":18}},"120":{"start":{"line":531,"column":18},"end":{"line":531,"column":45}},"121":{"start":{"line":533,"column":4},"end":{"line":550,"column":5}},"122":{"start":{"line":534,"column":38},"end":{"line":543,"column":10}},"123":{"start":{"line":536,"column":10},"end":{"line":542,"column":11}},"124":{"start":{"line":537,"column":12},"end":{"line":537,"column":34}},"125":{"start":{"line":538,"column":17},"end":{"line":542,"column":11}},"126":{"start":{"line":539,"column":12},"end":{"line":539,"column":35}},"127":{"start":{"line":540,"column":17},"end":{"line":542,"column":11}},"128":{"start":{"line":541,"column":12},"end":{"line":541,"column":38}},"129":{"start":{"line":544,"column":6},"end":{"line":549,"column":7}},"130":{"start":{"line":545,"column":8},"end":{"line":547,"column":12}},"131":{"start":{"line":548,"column":8},"end":{"line":548,"column":46}},"132":{"start":{"line":554,"column":24},"end":{"line":554,"column":63}},"133":{"start":{"line":556,"column":6},"end":{"line":568,"column":7}},"134":{"start":{"line":557,"column":23},"end":{"line":564,"column":12}},"135":{"start":{"line":559,"column":12},"end":{"line":563,"column":13}},"136":{"start":{"line":560,"column":14},"end":{"line":562,"column":15}},"137":{"start":{"line":561,"column":16},"end":{"line":561,"column":38}},"138":{"start":{"line":565,"column":8},"end":{"line":567,"column":9}},"139":{"start":{"line":566,"column":10},"end":{"line":566,"column":57}},"140":{"start":{"line":575,"column":2},"end":{"line":612,"column":3}},"141":{"start":{"line":577,"column":20},"end":{"line":591,"column":5}},"142":{"start":{"line":578,"column":24},"end":{"line":578,"column":63}},"143":{"start":{"line":579,"column":27},"end":{"line":581,"column":7}},"144":{"start":{"line":583,"column":20},"end":{"line":583,"column":56}},"145":{"start":{"line":584,"column":28},"end":{"line":586,"column":7}},"146":{"start":{"line":588,"column":6},"end":{"line":590,"column":9}},"147":{"start":{"line":593,"column":20},"end":{"line":607,"column":5}},"148":{"start":{"line":594,"column":18},"end":{"line":594,"column":51}},"149":{"start":{"line":595,"column":27},"end":{"line":597,"column":7}},"150":{"start":{"line":599,"column":23},"end":{"line":599,"column":62}},"151":{"start":{"line":600,"column":28},"end":{"line":602,"column":7}},"152":{"start":{"line":604,"column":6},"end":{"line":606,"column":9}},"153":{"start":{"line":609,"column":4},"end":{"line":609,"column":24}},"154":{"start":{"line":611,"column":4},"end":{"line":611,"column":24}}},"fnMap":{"0":{"name":"(anonymous_0)","decl":{"start":{"line":64,"column":4},"end":{"line":64,"column":5}},"loc":{"start":{"line":64,"column":26},"end":{"line":69,"column":5}},"line":64},"1":{"name":"(anonymous_1)","decl":{"start":{"line":71,"column":4},"end":{"line":71,"column":5}},"loc":{"start":{"line":71,"column":29},"end":{"line":76,"column":5}},"line":71},"2":{"name":"(anonymous_2)","decl":{"start":{"line":79,"column":4},"end":{"line":79,"column":5}},"loc":{"start":{"line":79,"column":52},"end":{"line":84,"column":5}},"line":79},"3":{"name":"(anonymous_3)","decl":{"start":{"line":87,"column":4},"end":{"line":87,"column":5}},"loc":{"start":{"line":87,"column":60},"end":{"line":92,"column":5}},"line":87},"4":{"name":"(anonymous_4)","decl":{"start":{"line":95,"column":4},"end":{"line":95,"column":5}},"loc":{"start":{"line":95,"column":74},"end":{"line":100,"column":5}},"line":95},"5":{"name":"(anonymous_5)","decl":{"start":{"line":103,"column":4},"end":{"line":103,"column":5}},"loc":{"start":{"line":103,"column":78},"end":{"line":111,"column":5}},"line":103},"6":{"name":"(anonymous_6)","decl":{"start":{"line":114,"column":4},"end":{"line":114,"column":5}},"loc":{"start":{"line":114,"column":80},"end":{"line":125,"column":5}},"line":114},"7":{"name":"(anonymous_7)","decl":{"start":{"line":128,"column":4},"end":{"line":128,"column":5}},"loc":{"start":{"line":128,"column":62},"end":{"line":133,"column":5}},"line":128},"8":{"name":"(anonymous_8)","decl":{"start":{"line":135,"column":4},"end":{"line":135,"column":5}},"loc":{"start":{"line":135,"column":50},"end":{"line":140,"column":5}},"line":135},"9":{"name":"(anonymous_9)","decl":{"start":{"line":142,"column":4},"end":{"line":142,"column":5}},"loc":{"start":{"line":142,"column":48},"end":{"line":147,"column":5}},"line":142},"10":{"name":"(anonymous_10)","decl":{"start":{"line":149,"column":4},"end":{"line":149,"column":5}},"loc":{"start":{"line":149,"column":63},"end":{"line":154,"column":5}},"line":149},"11":{"name":"(anonymous_11)","decl":{"start":{"line":157,"column":4},"end":{"line":157,"column":5}},"loc":{"start":{"line":157,"column":95},"end":{"line":164,"column":5}},"line":157},"12":{"name":"(anonymous_12)","decl":{"start":{"line":167,"column":4},"end":{"line":167,"column":5}},"loc":{"start":{"line":167,"column":94},"end":{"line":176,"column":5}},"line":167},"13":{"name":"(anonymous_13)","decl":{"start":{"line":178,"column":4},"end":{"line":178,"column":5}},"loc":{"start":{"line":178,"column":91},"end":{"line":187,"column":5}},"line":178},"14":{"name":"(anonymous_14)","decl":{"start":{"line":190,"column":4},"end":{"line":190,"column":5}},"loc":{"start":{"line":190,"column":101},"end":{"line":209,"column":5}},"line":190},"15":{"name":"(anonymous_15)","decl":{"start":{"line":212,"column":4},"end":{"line":212,"column":5}},"loc":{"start":{"line":212,"column":102},"end":{"line":256,"column":5}},"line":212},"16":{"name":"(anonymous_16)","decl":{"start":{"line":236,"column":58},"end":{"line":236,"column":59}},"loc":{"start":{"line":237,"column":12},"end":{"line":237,"column":55}},"line":237},"17":{"name":"(anonymous_17)","decl":{"start":{"line":238,"column":58},"end":{"line":238,"column":59}},"loc":{"start":{"line":239,"column":12},"end":{"line":239,"column":55}},"line":239},"18":{"name":"(anonymous_18)","decl":{"start":{"line":259,"column":4},"end":{"line":259,"column":5}},"loc":{"start":{"line":259,"column":93},"end":{"line":303,"column":5}},"line":259},"19":{"name":"(anonymous_19)","decl":{"start":{"line":283,"column":55},"end":{"line":283,"column":56}},"loc":{"start":{"line":284,"column":12},"end":{"line":284,"column":49}},"line":284},"20":{"name":"(anonymous_20)","decl":{"start":{"line":285,"column":58},"end":{"line":285,"column":59}},"loc":{"start":{"line":286,"column":12},"end":{"line":286,"column":49}},"line":286},"21":{"name":"(anonymous_21)","decl":{"start":{"line":305,"column":4},"end":{"line":305,"column":5}},"loc":{"start":{"line":305,"column":59},"end":{"line":313,"column":5}},"line":305},"22":{"name":"setSituationFilter","decl":{"start":{"line":341,"column":16},"end":{"line":341,"column":34}},"loc":{"start":{"line":341,"column":47},"end":{"line":374,"column":1}},"line":341},"23":{"name":"(anonymous_23)","decl":{"start":{"line":342,"column":9},"end":{"line":342,"column":10}},"loc":{"start":{"line":342,"column":33},"end":{"line":373,"column":3}},"line":342},"24":{"name":"filter","decl":{"start":{"line":347,"column":13},"end":{"line":347,"column":19}},"loc":{"start":{"line":347,"column":45},"end":{"line":365,"column":5}},"line":347},"25":{"name":"setCategoryFilter","decl":{"start":{"line":377,"column":16},"end":{"line":377,"column":33}},"loc":{"start":{"line":377,"column":49},"end":{"line":414,"column":1}},"line":377},"26":{"name":"(anonymous_26)","decl":{"start":{"line":378,"column":9},"end":{"line":378,"column":10}},"loc":{"start":{"line":378,"column":33},"end":{"line":413,"column":3}},"line":378},"27":{"name":"filterFromBase","decl":{"start":{"line":384,"column":13},"end":{"line":384,"column":27}},"loc":{"start":{"line":384,"column":60},"end":{"line":388,"column":5}},"line":384},"28":{"name":"filterFromPlaceSorted","decl":{"start":{"line":390,"column":13},"end":{"line":390,"column":34}},"loc":{"start":{"line":390,"column":72},"end":{"line":394,"column":5}},"line":390},"29":{"name":"previously","decl":{"start":{"line":396,"column":13},"end":{"line":396,"column":23}},"loc":{"start":{"line":398,"column":6},"end":{"line":404,"column":5}},"line":398},"30":{"name":"setPlaceFilter","decl":{"start":{"line":417,"column":16},"end":{"line":417,"column":30}},"loc":{"start":{"line":417,"column":43},"end":{"line":456,"column":1}},"line":417},"31":{"name":"(anonymous_31)","decl":{"start":{"line":418,"column":9},"end":{"line":418,"column":10}},"loc":{"start":{"line":418,"column":33},"end":{"line":455,"column":3}},"line":418},"32":{"name":"filterFromBase","decl":{"start":{"line":425,"column":13},"end":{"line":425,"column":27}},"loc":{"start":{"line":425,"column":57},"end":{"line":429,"column":5}},"line":425},"33":{"name":"filterFromCategorySorted","decl":{"start":{"line":431,"column":13},"end":{"line":431,"column":37}},"loc":{"start":{"line":431,"column":75},"end":{"line":435,"column":5}},"line":431},"34":{"name":"previously","decl":{"start":{"line":437,"column":13},"end":{"line":437,"column":23}},"loc":{"start":{"line":439,"column":6},"end":{"line":446,"column":5}},"line":439},"35":{"name":"loadResultRestaurants","decl":{"start":{"line":459,"column":16},"end":{"line":459,"column":37}},"loc":{"start":{"line":459,"column":59},"end":{"line":522,"column":1}},"line":459},"36":{"name":"(anonymous_36)","decl":{"start":{"line":460,"column":9},"end":{"line":460,"column":10}},"loc":{"start":{"line":460,"column":23},"end":{"line":521,"column":3}},"line":460},"37":{"name":"placesSearchCB","decl":{"start":{"line":464,"column":13},"end":{"line":464,"column":27}},"loc":{"start":{"line":464,"column":44},"end":{"line":489,"column":5}},"line":464},"38":{"name":"(anonymous_38)","decl":{"start":{"line":469,"column":56},"end":{"line":469,"column":57}},"loc":{"start":{"line":470,"column":12},"end":{"line":470,"column":49}},"line":470},"39":{"name":"resultMap","decl":{"start":{"line":492,"column":13},"end":{"line":492,"column":22}},"loc":{"start":{"line":492,"column":41},"end":{"line":498,"column":5}},"line":492},"40":{"name":"loadAfterCourse","decl":{"start":{"line":500,"column":19},"end":{"line":500,"column":34}},"loc":{"start":{"line":500,"column":62},"end":{"line":520,"column":5}},"line":500},"41":{"name":"findRestaurants","decl":{"start":{"line":525,"column":16},"end":{"line":525,"column":31}},"loc":{"start":{"line":525,"column":53},"end":{"line":571,"column":1}},"line":525},"42":{"name":"(anonymous_42)","decl":{"start":{"line":526,"column":9},"end":{"line":526,"column":10}},"loc":{"start":{"line":526,"column":33},"end":{"line":570,"column":3}},"line":526},"43":{"name":"(anonymous_43)","decl":{"start":{"line":535,"column":8},"end":{"line":535,"column":9}},"loc":{"start":{"line":535,"column":30},"end":{"line":543,"column":9}},"line":535},"44":{"name":"setMoodFilter","decl":{"start":{"line":553,"column":13},"end":{"line":553,"column":26}},"loc":{"start":{"line":553,"column":52},"end":{"line":569,"column":5}},"line":553},"45":{"name":"(anonymous_45)","decl":{"start":{"line":558,"column":10},"end":{"line":558,"column":11}},"loc":{"start":{"line":558,"column":32},"end":{"line":564,"column":11}},"line":558},"46":{"name":"setRandomFilter","decl":{"start":{"line":574,"column":16},"end":{"line":574,"column":31}},"loc":{"start":{"line":574,"column":45},"end":{"line":613,"column":1}},"line":574},"47":{"name":"(anonymous_47)","decl":{"start":{"line":575,"column":9},"end":{"line":575,"column":10}},"loc":{"start":{"line":575,"column":23},"end":{"line":612,"column":3}},"line":575},"48":{"name":"(anonymous_48)","decl":{"start":{"line":577,"column":20},"end":{"line":577,"column":21}},"loc":{"start":{"line":577,"column":37},"end":{"line":591,"column":5}},"line":577},"49":{"name":"(anonymous_49)","decl":{"start":{"line":593,"column":20},"end":{"line":593,"column":21}},"loc":{"start":{"line":593,"column":37},"end":{"line":607,"column":5}},"line":593}},"branchMap":{"0":{"loc":{"start":{"line":195,"column":6},"end":{"line":208,"column":7}},"type":"if","locations":[{"start":{"line":195,"column":6},"end":{"line":208,"column":7}},{"start":{"line":202,"column":13},"end":{"line":208,"column":7}}],"line":195},"1":{"loc":{"start":{"line":195,"column":10},"end":{"line":196,"column":80}},"type":"binary-expr","locations":[{"start":{"line":195,"column":10},"end":{"line":195,"column":36}},{"start":{"line":196,"column":8},"end":{"line":196,"column":80}}],"line":195},"2":{"loc":{"start":{"line":219,"column":6},"end":{"line":255,"column":7}},"type":"if","locations":[{"start":{"line":219,"column":6},"end":{"line":255,"column":7}},{"start":{"line":231,"column":13},"end":{"line":255,"column":7}}],"line":219},"3":{"loc":{"start":{"line":220,"column":8},"end":{"line":221,"column":79}},"type":"binary-expr","locations":[{"start":{"line":220,"column":8},"end":{"line":220,"column":42}},{"start":{"line":221,"column":8},"end":{"line":221,"column":79}}],"line":220},"4":{"loc":{"start":{"line":231,"column":13},"end":{"line":255,"column":7}},"type":"if","locations":[{"start":{"line":231,"column":13},"end":{"line":255,"column":7}},{"start":{"line":246,"column":13},"end":{"line":255,"column":7}}],"line":231},"5":{"loc":{"start":{"line":232,"column":8},"end":{"line":233,"column":50}},"type":"binary-expr","locations":[{"start":{"line":232,"column":8},"end":{"line":232,"column":42}},{"start":{"line":233,"column":8},"end":{"line":233,"column":50}}],"line":232},"6":{"loc":{"start":{"line":266,"column":6},"end":{"line":302,"column":7}},"type":"if","locations":[{"start":{"line":266,"column":6},"end":{"line":302,"column":7}},{"start":{"line":278,"column":13},"end":{"line":302,"column":7}}],"line":266},"7":{"loc":{"start":{"line":267,"column":8},"end":{"line":268,"column":73}},"type":"binary-expr","locations":[{"start":{"line":267,"column":8},"end":{"line":267,"column":36}},{"start":{"line":268,"column":8},"end":{"line":268,"column":73}}],"line":267},"8":{"loc":{"start":{"line":278,"column":13},"end":{"line":302,"column":7}},"type":"if","locations":[{"start":{"line":278,"column":13},"end":{"line":302,"column":7}},{"start":{"line":293,"column":13},"end":{"line":302,"column":7}}],"line":278},"9":{"loc":{"start":{"line":279,"column":8},"end":{"line":280,"column":47}},"type":"binary-expr","locations":[{"start":{"line":279,"column":8},"end":{"line":279,"column":36}},{"start":{"line":280,"column":8},"end":{"line":280,"column":47}}],"line":279},"10":{"loc":{"start":{"line":348,"column":6},"end":{"line":351,"column":7}},"type":"if","locations":[{"start":{"line":348,"column":6},"end":{"line":351,"column":7}},{"start":{},"end":{}}],"line":348},"11":{"loc":{"start":{"line":352,"column":6},"end":{"line":357,"column":7}},"type":"if","locations":[{"start":{"line":352,"column":6},"end":{"line":357,"column":7}},{"start":{},"end":{}}],"line":352},"12":{"loc":{"start":{"line":358,"column":6},"end":{"line":364,"column":7}},"type":"if","locations":[{"start":{"line":358,"column":6},"end":{"line":364,"column":7}},{"start":{},"end":{}}],"line":358},"13":{"loc":{"start":{"line":399,"column":6},"end":{"line":403,"column":7}},"type":"if","locations":[{"start":{"line":399,"column":6},"end":{"line":403,"column":7}},{"start":{"line":401,"column":13},"end":{"line":403,"column":7}}],"line":399},"14":{"loc":{"start":{"line":440,"column":6},"end":{"line":445,"column":7}},"type":"if","locations":[{"start":{"line":440,"column":6},"end":{"line":445,"column":7}},{"start":{"line":442,"column":13},"end":{"line":445,"column":7}}],"line":440},"15":{"loc":{"start":{"line":442,"column":13},"end":{"line":445,"column":7}},"type":"if","locations":[{"start":{"line":442,"column":13},"end":{"line":445,"column":7}},{"start":{},"end":{}}],"line":442},"16":{"loc":{"start":{"line":442,"column":17},"end":{"line":443,"column":44}},"type":"binary-expr","locations":[{"start":{"line":442,"column":17},"end":{"line":442,"column":50}},{"start":{"line":443,"column":8},"end":{"line":443,"column":44}}],"line":442},"17":{"loc":{"start":{"line":465,"column":6},"end":{"line":488,"column":7}},"type":"if","locations":[{"start":{"line":465,"column":6},"end":{"line":488,"column":7}},{"start":{"line":482,"column":13},"end":{"line":488,"column":7}}],"line":465},"18":{"loc":{"start":{"line":472,"column":10},"end":{"line":479,"column":11}},"type":"if","locations":[{"start":{"line":472,"column":10},"end":{"line":479,"column":11}},{"start":{},"end":{}}],"line":472},"19":{"loc":{"start":{"line":482,"column":13},"end":{"line":488,"column":7}},"type":"if","locations":[{"start":{"line":482,"column":13},"end":{"line":488,"column":7}},{"start":{"line":485,"column":13},"end":{"line":488,"column":7}}],"line":482},"20":{"loc":{"start":{"line":485,"column":13},"end":{"line":488,"column":7}},"type":"if","locations":[{"start":{"line":485,"column":13},"end":{"line":488,"column":7}},{"start":{},"end":{}}],"line":485},"21":{"loc":{"start":{"line":514,"column":6},"end":{"line":519,"column":7}},"type":"if","locations":[{"start":{"line":514,"column":6},"end":{"line":519,"column":7}},{"start":{"line":517,"column":13},"end":{"line":519,"column":7}}],"line":514},"22":{"loc":{"start":{"line":536,"column":10},"end":{"line":542,"column":11}},"type":"if","locations":[{"start":{"line":536,"column":10},"end":{"line":542,"column":11}},{"start":{"line":538,"column":17},"end":{"line":542,"column":11}}],"line":536},"23":{"loc":{"start":{"line":538,"column":17},"end":{"line":542,"column":11}},"type":"if","locations":[{"start":{"line":538,"column":17},"end":{"line":542,"column":11}},{"start":{"line":540,"column":17},"end":{"line":542,"column":11}}],"line":538},"24":{"loc":{"start":{"line":540,"column":17},"end":{"line":542,"column":11}},"type":"if","locations":[{"start":{"line":540,"column":17},"end":{"line":542,"column":11}},{"start":{},"end":{}}],"line":540},"25":{"loc":{"start":{"line":544,"column":6},"end":{"line":549,"column":7}},"type":"if","locations":[{"start":{"line":544,"column":6},"end":{"line":549,"column":7}},{"start":{},"end":{}}],"line":544},"26":{"loc":{"start":{"line":559,"column":12},"end":{"line":563,"column":13}},"type":"if","locations":[{"start":{"line":559,"column":12},"end":{"line":563,"column":13}},{"start":{},"end":{}}],"line":559},"27":{"loc":{"start":{"line":560,"column":14},"end":{"line":562,"column":15}},"type":"if","locations":[{"start":{"line":560,"column":14},"end":{"line":562,"column":15}},{"start":{},"end":{}}],"line":560},"28":{"loc":{"start":{"line":560,"column":18},"end":{"line":560,"column":71}},"type":"binary-expr","locations":[{"start":{"line":560,"column":18},"end":{"line":560,"column":33}},{"start":{"line":560,"column":37},"end":{"line":560,"column":71}}],"line":560},"29":{"loc":{"start":{"line":565,"column":8},"end":{"line":567,"column":9}},"type":"if","locations":[{"start":{"line":565,"column":8},"end":{"line":567,"column":9}},{"start":{},"end":{}}],"line":565}},"s":{"0":9,"1":0,"2":0,"3":1,"4":0,"5":0,"6":0,"7":0,"8":0,"9":0,"10":0,"11":0,"12":0,"13":0,"14":0,"15":0,"16":1,"17":1,"18":0,"19":1,"20":1,"21":1,"22":0,"23":1,"24":0,"25":0,"26":0,"27":1,"28":1,"29":1,"30":0,"31":1,"32":0,"33":0,"34":0,"35":1,"36":0,"37":9,"38":3,"39":0,"40":0,"41":0,"42":0,"43":0,"44":0,"45":0,"46":0,"47":0,"48":0,"49":0,"50":0,"51":0,"52":0,"53":0,"54":0,"55":0,"56":0,"57":1,"58":0,"59":0,"60":0,"61":0,"62":0,"63":0,"64":0,"65":0,"66":0,"67":0,"68":0,"69":0,"70":1,"71":0,"72":0,"73":0,"74":0,"75":0,"76":0,"77":0,"78":0,"79":0,"80":0,"81":0,"82":0,"83":0,"84":0,"85":0,"86":0,"87":0,"88":0,"89":0,"90":0,"91":0,"92":0,"93":0,"94":0,"95":0,"96":0,"97":0,"98":0,"99":0,"100":0,"101":0,"102":0,"103":0,"104":0,"105":0,"106":0,"107":0,"108":0,"109":0,"110":0,"111":0,"112":0,"113":0,"114":0,"115":0,"116":0,"117":0,"118":0,"119":0,"120":0,"121":0,"122":0,"123":0,"124":0,"125":0,"126":0,"127":0,"128":0,"129":0,"130":0,"131":0,"132":0,"133":0,"134":0,"135":0,"136":0,"137":0,"138":0,"139":0,"140":1,"141":0,"142":0,"143":0,"144":0,"145":0,"146":0,"147":0,"148":0,"149":0,"150":0,"151":0,"152":0,"153":0,"154":0},"f":{"0":0,"1":0,"2":1,"3":0,"4":0,"5":0,"6":0,"7":0,"8":0,"9":0,"10":0,"11":0,"12":0,"13":0,"14":1,"15":1,"16":0,"17":0,"18":1,"19":0,"20":0,"21":0,"22":3,"23":0,"24":0,"25":1,"26":0,"27":0,"28":0,"29":0,"30":1,"31":0,"32":0,"33":0,"34":0,"35":0,"36":0,"37":0,"38":0,"39":0,"40":0,"41":0,"42":0,"43":0,"44":0,"45":0,"46":1,"47":0,"48":0,"49":0},"b":{"0":[0,1],"1":[1,0],"2":[0,1],"3":[1,0],"4":[0,1],"5":[1,1],"6":[0,1],"7":[1,0],"8":[0,1],"9":[1,1],"10":[0,0],"11":[0,0],"12":[0,0],"13":[0,0],"14":[0,0],"15":[0,0],"16":[0,0],"17":[0,0],"18":[0,0],"19":[0,0],"20":[0,0],"21":[0,0],"22":[0,0],"23":[0,0],"24":[0,0],"25":[0,0],"26":[0,0],"27":[0,0],"28":[0,0],"29":[0,0]},"_coverageSchema":"1a1c01bbd47fc00a2c39e90264f33305004495a9","hash":"fef571e48df00fc031685fc513fa69dfe15c6d36"}
,"/Users/seon-yeong/work/react-week9-project/src/utils.js": {"path":"/Users/seon-yeong/work/react-week9-project/src/utils.js","statementMap":{"0":{"start":{"line":2,"column":2},"end":{"line":2,"column":46}},"1":{"start":{"line":6,"column":2},"end":{"line":9,"column":3}},"2":{"start":{"line":8,"column":6},"end":{"line":8,"column":39}},"3":{"start":{"line":13,"column":2},"end":{"line":16,"column":3}},"4":{"start":{"line":15,"column":6},"end":{"line":15,"column":44}},"5":{"start":{"line":20,"column":2},"end":{"line":23,"column":3}},"6":{"start":{"line":22,"column":6},"end":{"line":22,"column":40}},"7":{"start":{"line":27,"column":2},"end":{"line":30,"column":3}},"8":{"start":{"line":29,"column":6},"end":{"line":29,"column":38}},"9":{"start":{"line":34,"column":2},"end":{"line":37,"column":3}},"10":{"start":{"line":36,"column":6},"end":{"line":36,"column":43}}},"fnMap":{"0":{"name":"randomRestaurant","decl":{"start":{"line":1,"column":16},"end":{"line":1,"column":32}},"loc":{"start":{"line":1,"column":38},"end":{"line":3,"column":1}},"line":1},"1":{"name":"nameFilter","decl":{"start":{"line":5,"column":16},"end":{"line":5,"column":26}},"loc":{"start":{"line":5,"column":41},"end":{"line":10,"column":1}},"line":5},"2":{"name":"(anonymous_2)","decl":{"start":{"line":7,"column":15},"end":{"line":7,"column":16}},"loc":{"start":{"line":8,"column":6},"end":{"line":8,"column":39}},"line":8},"3":{"name":"situationFilter","decl":{"start":{"line":12,"column":16},"end":{"line":12,"column":31}},"loc":{"start":{"line":12,"column":46},"end":{"line":17,"column":1}},"line":12},"4":{"name":"(anonymous_4)","decl":{"start":{"line":14,"column":15},"end":{"line":14,"column":16}},"loc":{"start":{"line":15,"column":6},"end":{"line":15,"column":44}},"line":15},"5":{"name":"placeFilter","decl":{"start":{"line":19,"column":16},"end":{"line":19,"column":27}},"loc":{"start":{"line":19,"column":42},"end":{"line":24,"column":1}},"line":19},"6":{"name":"(anonymous_6)","decl":{"start":{"line":21,"column":15},"end":{"line":21,"column":16}},"loc":{"start":{"line":22,"column":6},"end":{"line":22,"column":40}},"line":22},"7":{"name":"ageFilter","decl":{"start":{"line":26,"column":16},"end":{"line":26,"column":25}},"loc":{"start":{"line":26,"column":40},"end":{"line":31,"column":1}},"line":26},"8":{"name":"(anonymous_8)","decl":{"start":{"line":28,"column":15},"end":{"line":28,"column":16}},"loc":{"start":{"line":29,"column":6},"end":{"line":29,"column":38}},"line":29},"9":{"name":"categoryFilter","decl":{"start":{"line":33,"column":16},"end":{"line":33,"column":30}},"loc":{"start":{"line":33,"column":45},"end":{"line":38,"column":1}},"line":33},"10":{"name":"(anonymous_10)","decl":{"start":{"line":35,"column":15},"end":{"line":35,"column":16}},"loc":{"start":{"line":36,"column":6},"end":{"line":36,"column":43}},"line":36}},"branchMap":{},"s":{"0":0,"1":0,"2":0,"3":0,"4":0,"5":0,"6":0,"7":0,"8":0,"9":0,"10":0},"f":{"0":0,"1":0,"2":0,"3":0,"4":0,"5":0,"6":0,"7":0,"8":0,"9":0,"10":0},"b":{},"_coverageSchema":"1a1c01bbd47fc00a2c39e90264f33305004495a9","hash":"5c8cb43fbed14d39f0a08948402216f52942f321"}
,"/Users/seon-yeong/work/react-week9-project/src/components/home/HomeCarousel.jsx": {"path":"/Users/seon-yeong/work/react-week9-project/src/components/home/HomeCarousel.jsx","statementMap":{"0":{"start":{"line":12,"column":11},"end":{"line":15,"column":2}},"1":{"start":{"line":17,"column":23},"end":{"line":35,"column":3}},"2":{"start":{"line":17,"column":40},"end":{"line":35,"column":2}},"3":{"start":{"line":38,"column":2},"end":{"line":55,"column":3}}},"fnMap":{"0":{"name":"(anonymous_0)","decl":{"start":{"line":17,"column":34},"end":{"line":17,"column":35}},"loc":{"start":{"line":17,"column":40},"end":{"line":35,"column":2}},"line":17},"1":{"name":"HomeCarousel","decl":{"start":{"line":37,"column":24},"end":{"line":37,"column":36}},"loc":{"start":{"line":37,"column":39},"end":{"line":56,"column":1}},"line":37}},"branchMap":{},"s":{"0":2,"1":2,"2":1,"3":1},"f":{"0":1,"1":1},"b":{},"_coverageSchema":"1a1c01bbd47fc00a2c39e90264f33305004495a9","hash":"8ffb5ab6414d4c8869460b8c97dc2b9f6ab7a27f"}
,"/Users/seon-yeong/work/react-week9-project/src/components/kakao/KakaoMapBtn.jsx": {"path":"/Users/seon-yeong/work/react-week9-project/src/components/kakao/KakaoMapBtn.jsx","statementMap":{"0":{"start":{"line":5,"column":11},"end":{"line":8,"column":2}},"1":{"start":{"line":10,"column":18},"end":{"line":25,"column":3}},"2":{"start":{"line":10,"column":38},"end":{"line":25,"column":2}},"3":{"start":{"line":29,"column":4},"end":{"line":29,"column":42}},"4":{"start":{"line":32,"column":2},"end":{"line":38,"column":3}},"5":{"start":{"line":35,"column":21},"end":{"line":35,"column":42}}},"fnMap":{"0":{"name":"(anonymous_0)","decl":{"start":{"line":10,"column":32},"end":{"line":10,"column":33}},"loc":{"start":{"line":10,"column":38},"end":{"line":25,"column":2}},"line":10},"1":{"name":"KakaoMapBtn","decl":{"start":{"line":27,"column":24},"end":{"line":27,"column":35}},"loc":{"start":{"line":27,"column":50},"end":{"line":39,"column":1}},"line":27},"2":{"name":"handleClick","decl":{"start":{"line":28,"column":11},"end":{"line":28,"column":22}},"loc":{"start":{"line":28,"column":33},"end":{"line":30,"column":3}},"line":28},"3":{"name":"(anonymous_3)","decl":{"start":{"line":35,"column":15},"end":{"line":35,"column":16}},"loc":{"start":{"line":35,"column":21},"end":{"line":35,"column":42}},"line":35}},"branchMap":{},"s":{"0":2,"1":2,"2":1,"3":0,"4":1,"5":0},"f":{"0":1,"1":1,"2":0,"3":0},"b":{},"_coverageSchema":"1a1c01bbd47fc00a2c39e90264f33305004495a9","hash":"2756031cc43ae2c3a4966a9913005906fedd955e"}
,"/Users/seon-yeong/work/react-week9-project/src/components/kakao/KakaoShareBtn.jsx": {"path":"/Users/seon-yeong/work/react-week9-project/src/components/kakao/KakaoShareBtn.jsx","statementMap":{"0":{"start":{"line":9,"column":11},"end":{"line":12,"column":2}},"1":{"start":{"line":14,"column":22},"end":{"line":29,"column":3}},"2":{"start":{"line":14,"column":42},"end":{"line":29,"column":2}},"3":{"start":{"line":32,"column":2},"end":{"line":34,"column":8}},"4":{"start":{"line":33,"column":4},"end":{"line":33,"column":20}},"5":{"start":{"line":36,"column":2},"end":{"line":45,"column":3}}},"fnMap":{"0":{"name":"(anonymous_0)","decl":{"start":{"line":14,"column":36},"end":{"line":14,"column":37}},"loc":{"start":{"line":14,"column":42},"end":{"line":29,"column":2}},"line":14},"1":{"name":"KakaoShareBtn","decl":{"start":{"line":31,"column":24},"end":{"line":31,"column":37}},"loc":{"start":{"line":31,"column":40},"end":{"line":46,"column":1}},"line":31},"2":{"name":"(anonymous_2)","decl":{"start":{"line":32,"column":12},"end":{"line":32,"column":13}},"loc":{"start":{"line":32,"column":18},"end":{"line":34,"column":3}},"line":32}},"branchMap":{},"s":{"0":1,"1":1,"2":0,"3":0,"4":0,"5":0},"f":{"0":0,"1":0,"2":0},"b":{},"_coverageSchema":"1a1c01bbd47fc00a2c39e90264f33305004495a9","hash":"a986be8977ebb636eeb7f9476a1f798372558438"}
,"/Users/seon-yeong/work/react-week9-project/src/components/random/RandomAgeCategoryRestaurants.jsx": {"path":"/Users/seon-yeong/work/react-week9-project/src/components/random/RandomAgeCategoryRestaurants.jsx","statementMap":{"0":{"start":{"line":9,"column":11},"end":{"line":12,"column":2}},"1":{"start":{"line":14,"column":43},"end":{"line":17,"column":3}},"2":{"start":{"line":14,"column":60},"end":{"line":17,"column":2}},"3":{"start":{"line":19,"column":14},"end":{"line":24,"column":3}},"4":{"start":{"line":19,"column":30},"end":{"line":24,"column":2}},"5":{"start":{"line":26,"column":34},"end":{"line":29,"column":2}},"6":{"start":{"line":31,"column":45},"end":{"line":43,"column":3}},"7":{"start":{"line":31,"column":61},"end":{"line":43,"column":2}},"8":{"start":{"line":45,"column":54},"end":{"line":64,"column":3}},"9":{"start":{"line":45,"column":71},"end":{"line":64,"column":2}},"10":{"start":{"line":67,"column":39},"end":{"line":69,"column":4}},"11":{"start":{"line":68,"column":4},"end":{"line":68,"column":38}},"12":{"start":{"line":70,"column":14},"end":{"line":72,"column":4}},"13":{"start":{"line":71,"column":4},"end":{"line":71,"column":13}},"14":{"start":{"line":73,"column":19},"end":{"line":75,"column":4}},"15":{"start":{"line":74,"column":4},"end":{"line":74,"column":18}},"16":{"start":{"line":78,"column":4},"end":{"line":87,"column":5}},"17":{"start":{"line":82,"column":6},"end":{"line":82,"column":43}},"18":{"start":{"line":83,"column":11},"end":{"line":87,"column":5}},"19":{"start":{"line":84,"column":6},"end":{"line":84,"column":40}},"20":{"start":{"line":86,"column":6},"end":{"line":86,"column":39}},"21":{"start":{"line":90,"column":25},"end":{"line":90,"column":44}},"22":{"start":{"line":92,"column":2},"end":{"line":121,"column":3}},"23":{"start":{"line":99,"column":10},"end":{"line":117,"column":17}}},"fnMap":{"0":{"name":"(anonymous_0)","decl":{"start":{"line":14,"column":54},"end":{"line":14,"column":55}},"loc":{"start":{"line":14,"column":60},"end":{"line":17,"column":2}},"line":14},"1":{"name":"(anonymous_1)","decl":{"start":{"line":19,"column":24},"end":{"line":19,"column":25}},"loc":{"start":{"line":19,"column":30},"end":{"line":24,"column":2}},"line":19},"2":{"name":"(anonymous_2)","decl":{"start":{"line":31,"column":55},"end":{"line":31,"column":56}},"loc":{"start":{"line":31,"column":61},"end":{"line":43,"column":2}},"line":31},"3":{"name":"(anonymous_3)","decl":{"start":{"line":45,"column":65},"end":{"line":45,"column":66}},"loc":{"start":{"line":45,"column":71},"end":{"line":64,"column":2}},"line":45},"4":{"name":"RandomAgeCategoryRestaurants","decl":{"start":{"line":66,"column":24},"end":{"line":66,"column":52}},"loc":{"start":{"line":66,"column":55},"end":{"line":122,"column":1}},"line":66},"5":{"name":"(anonymous_5)","decl":{"start":{"line":67,"column":51},"end":{"line":67,"column":52}},"loc":{"start":{"line":68,"column":4},"end":{"line":68,"column":38}},"line":68},"6":{"name":"(anonymous_6)","decl":{"start":{"line":70,"column":26},"end":{"line":70,"column":27}},"loc":{"start":{"line":71,"column":4},"end":{"line":71,"column":13}},"line":71},"7":{"name":"(anonymous_7)","decl":{"start":{"line":73,"column":31},"end":{"line":73,"column":32}},"loc":{"start":{"line":74,"column":4},"end":{"line":74,"column":18}},"line":74},"8":{"name":"condition","decl":{"start":{"line":77,"column":11},"end":{"line":77,"column":20}},"loc":{"start":{"line":77,"column":31},"end":{"line":88,"column":3}},"line":77},"9":{"name":"(anonymous_9)","decl":{"start":{"line":98,"column":42},"end":{"line":98,"column":43}},"loc":{"start":{"line":99,"column":10},"end":{"line":117,"column":17}},"line":99}},"branchMap":{"0":{"loc":{"start":{"line":78,"column":4},"end":{"line":87,"column":5}},"type":"if","locations":[{"start":{"line":78,"column":4},"end":{"line":87,"column":5}},{"start":{"line":83,"column":11},"end":{"line":87,"column":5}}],"line":78},"1":{"loc":{"start":{"line":79,"column":6},"end":{"line":80,"column":24}},"type":"binary-expr","locations":[{"start":{"line":79,"column":6},"end":{"line":79,"column":24}},{"start":{"line":80,"column":6},"end":{"line":80,"column":24}}],"line":79},"2":{"loc":{"start":{"line":83,"column":11},"end":{"line":87,"column":5}},"type":"if","locations":[{"start":{"line":83,"column":11},"end":{"line":87,"column":5}},{"start":{"line":85,"column":11},"end":{"line":87,"column":5}}],"line":83},"3":{"loc":{"start":{"line":111,"column":17},"end":{"line":113,"column":50}},"type":"cond-expr","locations":[{"start":{"line":112,"column":18},"end":{"line":112,"column":35}},{"start":{"line":113,"column":18},"end":{"line":113,"column":50}}],"line":111}},"s":{"0":3,"1":3,"2":1,"3":3,"4":1,"5":3,"6":3,"7":1,"8":3,"9":1,"10":1,"11":0,"12":1,"13":0,"14":1,"15":0,"16":1,"17":0,"18":1,"19":0,"20":1,"21":1,"22":1,"23":1},"f":{"0":1,"1":1,"2":1,"3":1,"4":1,"5":0,"6":0,"7":0,"8":1,"9":1},"b":{"0":[0,1],"1":[1,1],"2":[0,1],"3":[1,0]},"_coverageSchema":"1a1c01bbd47fc00a2c39e90264f33305004495a9","hash":"01670dc4c0bb5ec2d23a39c052504eb82b753ba5"}
,"/Users/seon-yeong/work/react-week9-project/src/components/random/RandomSituationPlaceRestaurants.jsx": {"path":"/Users/seon-yeong/work/react-week9-project/src/components/random/RandomSituationPlaceRestaurants.jsx","statementMap":{"0":{"start":{"line":9,"column":11},"end":{"line":12,"column":2}},"1":{"start":{"line":14,"column":43},"end":{"line":17,"column":3}},"2":{"start":{"line":14,"column":60},"end":{"line":17,"column":2}},"3":{"start":{"line":19,"column":14},"end":{"line":24,"column":3}},"4":{"start":{"line":19,"column":30},"end":{"line":24,"column":2}},"5":{"start":{"line":26,"column":34},"end":{"line":29,"column":2}},"6":{"start":{"line":31,"column":45},"end":{"line":43,"column":3}},"7":{"start":{"line":31,"column":61},"end":{"line":43,"column":2}},"8":{"start":{"line":45,"column":54},"end":{"line":64,"column":3}},"9":{"start":{"line":45,"column":71},"end":{"line":64,"column":2}},"10":{"start":{"line":67,"column":42},"end":{"line":69,"column":4}},"11":{"start":{"line":68,"column":4},"end":{"line":68,"column":41}},"12":{"start":{"line":70,"column":20},"end":{"line":72,"column":4}},"13":{"start":{"line":71,"column":4},"end":{"line":71,"column":19}},"14":{"start":{"line":73,"column":16},"end":{"line":75,"column":4}},"15":{"start":{"line":74,"column":4},"end":{"line":74,"column":15}},"16":{"start":{"line":78,"column":4},"end":{"line":93,"column":5}},"17":{"start":{"line":83,"column":6},"end":{"line":83,"column":46}},"18":{"start":{"line":84,"column":11},"end":{"line":93,"column":5}},"19":{"start":{"line":87,"column":6},"end":{"line":87,"column":50}},"20":{"start":{"line":88,"column":11},"end":{"line":93,"column":5}},"21":{"start":{"line":92,"column":6},"end":{"line":92,"column":48}},"22":{"start":{"line":96,"column":25},"end":{"line":96,"column":45}},"23":{"start":{"line":98,"column":2},"end":{"line":127,"column":3}},"24":{"start":{"line":105,"column":10},"end":{"line":123,"column":17}}},"fnMap":{"0":{"name":"(anonymous_0)","decl":{"start":{"line":14,"column":54},"end":{"line":14,"column":55}},"loc":{"start":{"line":14,"column":60},"end":{"line":17,"column":2}},"line":14},"1":{"name":"(anonymous_1)","decl":{"start":{"line":19,"column":24},"end":{"line":19,"column":25}},"loc":{"start":{"line":19,"column":30},"end":{"line":24,"column":2}},"line":19},"2":{"name":"(anonymous_2)","decl":{"start":{"line":31,"column":55},"end":{"line":31,"column":56}},"loc":{"start":{"line":31,"column":61},"end":{"line":43,"column":2}},"line":31},"3":{"name":"(anonymous_3)","decl":{"start":{"line":45,"column":65},"end":{"line":45,"column":66}},"loc":{"start":{"line":45,"column":71},"end":{"line":64,"column":2}},"line":45},"4":{"name":"RandomSituationPlaceRestaurants","decl":{"start":{"line":66,"column":24},"end":{"line":66,"column":55}},"loc":{"start":{"line":66,"column":58},"end":{"line":128,"column":1}},"line":66},"5":{"name":"(anonymous_5)","decl":{"start":{"line":67,"column":54},"end":{"line":67,"column":55}},"loc":{"start":{"line":68,"column":4},"end":{"line":68,"column":41}},"line":68},"6":{"name":"(anonymous_6)","decl":{"start":{"line":70,"column":32},"end":{"line":70,"column":33}},"loc":{"start":{"line":71,"column":4},"end":{"line":71,"column":19}},"line":71},"7":{"name":"(anonymous_7)","decl":{"start":{"line":73,"column":28},"end":{"line":73,"column":29}},"loc":{"start":{"line":74,"column":4},"end":{"line":74,"column":15}},"line":74},"8":{"name":"condition","decl":{"start":{"line":77,"column":11},"end":{"line":77,"column":20}},"loc":{"start":{"line":77,"column":32},"end":{"line":94,"column":3}},"line":77},"9":{"name":"(anonymous_9)","decl":{"start":{"line":104,"column":45},"end":{"line":104,"column":46}},"loc":{"start":{"line":105,"column":10},"end":{"line":123,"column":17}},"line":105}},"branchMap":{"0":{"loc":{"start":{"line":78,"column":4},"end":{"line":93,"column":5}},"type":"if","locations":[{"start":{"line":78,"column":4},"end":{"line":93,"column":5}},{"start":{"line":84,"column":11},"end":{"line":93,"column":5}}],"line":78},"1":{"loc":{"start":{"line":79,"column":6},"end":{"line":81,"column":25}},"type":"binary-expr","locations":[{"start":{"line":79,"column":6},"end":{"line":79,"column":24}},{"start":{"line":80,"column":6},"end":{"line":80,"column":24}},{"start":{"line":81,"column":6},"end":{"line":81,"column":25}}],"line":79},"2":{"loc":{"start":{"line":84,"column":11},"end":{"line":93,"column":5}},"type":"if","locations":[{"start":{"line":84,"column":11},"end":{"line":93,"column":5}},{"start":{"line":88,"column":11},"end":{"line":93,"column":5}}],"line":84},"3":{"loc":{"start":{"line":88,"column":11},"end":{"line":93,"column":5}},"type":"if","locations":[{"start":{"line":88,"column":11},"end":{"line":93,"column":5}},{"start":{},"end":{}}],"line":88},"4":{"loc":{"start":{"line":89,"column":6},"end":{"line":90,"column":24}},"type":"binary-expr","locations":[{"start":{"line":89,"column":6},"end":{"line":89,"column":23}},{"start":{"line":90,"column":6},"end":{"line":90,"column":24}}],"line":89},"5":{"loc":{"start":{"line":117,"column":17},"end":{"line":119,"column":50}},"type":"cond-expr","locations":[{"start":{"line":118,"column":18},"end":{"line":118,"column":35}},{"start":{"line":119,"column":18},"end":{"line":119,"column":50}}],"line":117}},"s":{"0":3,"1":3,"2":1,"3":3,"4":1,"5":3,"6":3,"7":1,"8":3,"9":1,"10":1,"11":0,"12":1,"13":0,"14":1,"15":0,"16":1,"17":0,"18":1,"19":0,"20":1,"21":0,"22":1,"23":1,"24":1},"f":{"0":1,"1":1,"2":1,"3":1,"4":1,"5":0,"6":0,"7":0,"8":1,"9":1},"b":{"0":[0,1],"1":[1,1,1],"2":[0,1],"3":[0,1],"4":[1,1],"5":[1,0]},"_coverageSchema":"1a1c01bbd47fc00a2c39e90264f33305004495a9","hash":"80e05d998e1750de2bcaaac88ce574fee4bf7c28"}
,"/Users/seon-yeong/work/react-week9-project/src/components/restaurants/RestaurantAfterCafe.jsx": {"path":"/Users/seon-yeong/work/react-week9-project/src/components/restaurants/RestaurantAfterCafe.jsx","statementMap":{"0":{"start":{"line":7,"column":11},"end":{"line":10,"column":2}},"1":{"start":{"line":12,"column":32},"end":{"line":16,"column":3}},"2":{"start":{"line":12,"column":49},"end":{"line":16,"column":2}},"3":{"start":{"line":18,"column":14},"end":{"line":24,"column":3}},"4":{"start":{"line":18,"column":31},"end":{"line":24,"column":2}},"5":{"start":{"line":26,"column":43},"end":{"line":31,"column":3}},"6":{"start":{"line":26,"column":59},"end":{"line":31,"column":2}},"7":{"start":{"line":33,"column":52},"end":{"line":46,"column":3}},"8":{"start":{"line":33,"column":69},"end":{"line":46,"column":2}},"9":{"start":{"line":49,"column":2},"end":{"line":68,"column":3}},"10":{"start":{"line":53,"column":8},"end":{"line":65,"column":45}}},"fnMap":{"0":{"name":"(anonymous_0)","decl":{"start":{"line":12,"column":43},"end":{"line":12,"column":44}},"loc":{"start":{"line":12,"column":49},"end":{"line":16,"column":2}},"line":12},"1":{"name":"(anonymous_1)","decl":{"start":{"line":18,"column":25},"end":{"line":18,"column":26}},"loc":{"start":{"line":18,"column":31},"end":{"line":24,"column":2}},"line":18},"2":{"name":"(anonymous_2)","decl":{"start":{"line":26,"column":53},"end":{"line":26,"column":54}},"loc":{"start":{"line":26,"column":59},"end":{"line":31,"column":2}},"line":26},"3":{"name":"(anonymous_3)","decl":{"start":{"line":33,"column":63},"end":{"line":33,"column":64}},"loc":{"start":{"line":33,"column":69},"end":{"line":46,"column":2}},"line":33},"4":{"name":"RestaurantAfterCafe","decl":{"start":{"line":48,"column":24},"end":{"line":48,"column":43}},"loc":{"start":{"line":48,"column":60},"end":{"line":69,"column":1}},"line":48},"5":{"name":"(anonymous_5)","decl":{"start":{"line":52,"column":22},"end":{"line":52,"column":23}},"loc":{"start":{"line":53,"column":8},"end":{"line":65,"column":45}},"line":53}},"branchMap":{},"s":{"0":1,"1":1,"2":0,"3":1,"4":0,"5":1,"6":0,"7":1,"8":0,"9":0,"10":0},"f":{"0":0,"1":0,"2":0,"3":0,"4":0,"5":0},"b":{},"_coverageSchema":"1a1c01bbd47fc00a2c39e90264f33305004495a9","hash":"87da4c71b11007a21299c7b8d1fcd207d47b32e4"}
,"/Users/seon-yeong/work/react-week9-project/src/components/restaurants/RestaurantAfterRestaurant.jsx": {"path":"/Users/seon-yeong/work/react-week9-project/src/components/restaurants/RestaurantAfterRestaurant.jsx","statementMap":{"0":{"start":{"line":7,"column":11},"end":{"line":10,"column":2}},"1":{"start":{"line":12,"column":32},"end":{"line":16,"column":3}},"2":{"start":{"line":12,"column":49},"end":{"line":16,"column":2}},"3":{"start":{"line":18,"column":14},"end":{"line":24,"column":3}},"4":{"start":{"line":18,"column":31},"end":{"line":24,"column":2}},"5":{"start":{"line":26,"column":43},"end":{"line":31,"column":3}},"6":{"start":{"line":26,"column":59},"end":{"line":31,"column":2}},"7":{"start":{"line":33,"column":52},"end":{"line":46,"column":3}},"8":{"start":{"line":33,"column":69},"end":{"line":46,"column":2}},"9":{"start":{"line":49,"column":2},"end":{"line":68,"column":3}},"10":{"start":{"line":53,"column":8},"end":{"line":65,"column":45}}},"fnMap":{"0":{"name":"(anonymous_0)","decl":{"start":{"line":12,"column":43},"end":{"line":12,"column":44}},"loc":{"start":{"line":12,"column":49},"end":{"line":16,"column":2}},"line":12},"1":{"name":"(anonymous_1)","decl":{"start":{"line":18,"column":25},"end":{"line":18,"column":26}},"loc":{"start":{"line":18,"column":31},"end":{"line":24,"column":2}},"line":18},"2":{"name":"(anonymous_2)","decl":{"start":{"line":26,"column":53},"end":{"line":26,"column":54}},"loc":{"start":{"line":26,"column":59},"end":{"line":31,"column":2}},"line":26},"3":{"name":"(anonymous_3)","decl":{"start":{"line":33,"column":63},"end":{"line":33,"column":64}},"loc":{"start":{"line":33,"column":69},"end":{"line":46,"column":2}},"line":33},"4":{"name":"RestaurantAfterRestaurant","decl":{"start":{"line":48,"column":24},"end":{"line":48,"column":49}},"loc":{"start":{"line":48,"column":72},"end":{"line":69,"column":1}},"line":48},"5":{"name":"(anonymous_5)","decl":{"start":{"line":52,"column":28},"end":{"line":52,"column":29}},"loc":{"start":{"line":53,"column":8},"end":{"line":65,"column":45}},"line":53}},"branchMap":{},"s":{"0":1,"1":1,"2":0,"3":1,"4":0,"5":1,"6":0,"7":1,"8":0,"9":0,"10":0},"f":{"0":0,"1":0,"2":0,"3":0,"4":0,"5":0},"b":{},"_coverageSchema":"1a1c01bbd47fc00a2c39e90264f33305004495a9","hash":"5beefa5d5296bb5321c247d86e8120865bae0c0d"}
,"/Users/seon-yeong/work/react-week9-project/src/components/restaurants/RestaurantsAfterBar.jsx": {"path":"/Users/seon-yeong/work/react-week9-project/src/components/restaurants/RestaurantsAfterBar.jsx","statementMap":{"0":{"start":{"line":7,"column":11},"end":{"line":10,"column":2}},"1":{"start":{"line":12,"column":32},"end":{"line":16,"column":3}},"2":{"start":{"line":12,"column":49},"end":{"line":16,"column":2}},"3":{"start":{"line":18,"column":14},"end":{"line":24,"column":3}},"4":{"start":{"line":18,"column":31},"end":{"line":24,"column":2}},"5":{"start":{"line":26,"column":43},"end":{"line":31,"column":3}},"6":{"start":{"line":26,"column":59},"end":{"line":31,"column":2}},"7":{"start":{"line":33,"column":52},"end":{"line":46,"column":3}},"8":{"start":{"line":33,"column":69},"end":{"line":46,"column":2}},"9":{"start":{"line":49,"column":2},"end":{"line":68,"column":3}},"10":{"start":{"line":53,"column":8},"end":{"line":65,"column":45}}},"fnMap":{"0":{"name":"(anonymous_0)","decl":{"start":{"line":12,"column":43},"end":{"line":12,"column":44}},"loc":{"start":{"line":12,"column":49},"end":{"line":16,"column":2}},"line":12},"1":{"name":"(anonymous_1)","decl":{"start":{"line":18,"column":25},"end":{"line":18,"column":26}},"loc":{"start":{"line":18,"column":31},"end":{"line":24,"column":2}},"line":18},"2":{"name":"(anonymous_2)","decl":{"start":{"line":26,"column":53},"end":{"line":26,"column":54}},"loc":{"start":{"line":26,"column":59},"end":{"line":31,"column":2}},"line":26},"3":{"name":"(anonymous_3)","decl":{"start":{"line":33,"column":63},"end":{"line":33,"column":64}},"loc":{"start":{"line":33,"column":69},"end":{"line":46,"column":2}},"line":33},"4":{"name":"RestaurantsAfterBar","decl":{"start":{"line":48,"column":24},"end":{"line":48,"column":43}},"loc":{"start":{"line":48,"column":59},"end":{"line":69,"column":1}},"line":48},"5":{"name":"(anonymous_5)","decl":{"start":{"line":52,"column":21},"end":{"line":52,"column":22}},"loc":{"start":{"line":53,"column":8},"end":{"line":65,"column":45}},"line":53}},"branchMap":{},"s":{"0":1,"1":1,"2":0,"3":1,"4":0,"5":1,"6":0,"7":1,"8":0,"9":0,"10":0},"f":{"0":0,"1":0,"2":0,"3":0,"4":0,"5":0},"b":{},"_coverageSchema":"1a1c01bbd47fc00a2c39e90264f33305004495a9","hash":"30a23b851e2f70dcd26e6dd24419df94bca859e5"}
,"/Users/seon-yeong/work/react-week9-project/src/components/restaurants/RestaurantsAfterRecommendation.jsx": {"path":"/Users/seon-yeong/work/react-week9-project/src/components/restaurants/RestaurantsAfterRecommendation.jsx","statementMap":{"0":{"start":{"line":7,"column":11},"end":{"line":10,"column":2}},"1":{"start":{"line":12,"column":32},"end":{"line":22,"column":3}},"2":{"start":{"line":12,"column":49},"end":{"line":22,"column":2}},"3":{"start":{"line":24,"column":14},"end":{"line":31,"column":3}},"4":{"start":{"line":24,"column":31},"end":{"line":31,"column":2}},"5":{"start":{"line":33,"column":43},"end":{"line":38,"column":3}},"6":{"start":{"line":33,"column":59},"end":{"line":38,"column":2}},"7":{"start":{"line":40,"column":52},"end":{"line":49,"column":3}},"8":{"start":{"line":40,"column":69},"end":{"line":49,"column":2}},"9":{"start":{"line":52,"column":2},"end":{"line":78,"column":3}},"10":{"start":{"line":59,"column":14},"end":{"line":71,"column":51}}},"fnMap":{"0":{"name":"(anonymous_0)","decl":{"start":{"line":12,"column":43},"end":{"line":12,"column":44}},"loc":{"start":{"line":12,"column":49},"end":{"line":22,"column":2}},"line":12},"1":{"name":"(anonymous_1)","decl":{"start":{"line":24,"column":25},"end":{"line":24,"column":26}},"loc":{"start":{"line":24,"column":31},"end":{"line":31,"column":2}},"line":24},"2":{"name":"(anonymous_2)","decl":{"start":{"line":33,"column":53},"end":{"line":33,"column":54}},"loc":{"start":{"line":33,"column":59},"end":{"line":38,"column":2}},"line":33},"3":{"name":"(anonymous_3)","decl":{"start":{"line":40,"column":63},"end":{"line":40,"column":64}},"loc":{"start":{"line":40,"column":69},"end":{"line":49,"column":2}},"line":40},"4":{"name":"RestaurantsAfterRecommendation","decl":{"start":{"line":51,"column":24},"end":{"line":51,"column":54}},"loc":{"start":{"line":51,"column":77},"end":{"line":79,"column":1}},"line":51},"5":{"name":"(anonymous_5)","decl":{"start":{"line":58,"column":33},"end":{"line":58,"column":34}},"loc":{"start":{"line":59,"column":14},"end":{"line":71,"column":51}},"line":59}},"branchMap":{"0":{"loc":{"start":{"line":55,"column":7},"end":{"line":75,"column":36}},"type":"cond-expr","locations":[{"start":{"line":56,"column":8},"end":{"line":74,"column":11}},{"start":{"line":75,"column":10},"end":{"line":75,"column":36}}],"line":55}},"s":{"0":1,"1":1,"2":0,"3":1,"4":0,"5":1,"6":0,"7":1,"8":0,"9":0,"10":0},"f":{"0":0,"1":0,"2":0,"3":0,"4":0,"5":0},"b":{"0":[0,0]},"_coverageSchema":"1a1c01bbd47fc00a2c39e90264f33305004495a9","hash":"0fbe4c5eee7af8dbbd7d252fe180cf5bdbd67404"}
,"/Users/seon-yeong/work/react-week9-project/src/components/restaurants/RestaurantsDetailContents.jsx": {"path":"/Users/seon-yeong/work/react-week9-project/src/components/restaurants/RestaurantsDetailContents.jsx","statementMap":{"0":{"start":{"line":8,"column":11},"end":{"line":11,"column":2}},"1":{"start":{"line":13,"column":32},"end":{"line":15,"column":3}},"2":{"start":{"line":13,"column":49},"end":{"line":15,"column":2}},"3":{"start":{"line":17,"column":27},"end":{"line":33,"column":3}},"4":{"start":{"line":17,"column":44},"end":{"line":33,"column":2}},"5":{"start":{"line":35,"column":28},"end":{"line":44,"column":3}},"6":{"start":{"line":35,"column":45},"end":{"line":44,"column":2}},"7":{"start":{"line":46,"column":23},"end":{"line":51,"column":3}},"8":{"start":{"line":46,"column":40},"end":{"line":51,"column":2}},"9":{"start":{"line":53,"column":32},"end":{"line":64,"column":3}},"10":{"start":{"line":53,"column":49},"end":{"line":64,"column":2}},"11":{"start":{"line":66,"column":28},"end":{"line":72,"column":3}},"12":{"start":{"line":66,"column":45},"end":{"line":72,"column":2}},"13":{"start":{"line":74,"column":20},"end":{"line":76,"column":3}},"14":{"start":{"line":74,"column":37},"end":{"line":76,"column":2}},"15":{"start":{"line":78,"column":25},"end":{"line":82,"column":3}},"16":{"start":{"line":78,"column":43},"end":{"line":82,"column":2}},"17":{"start":{"line":84,"column":24},"end":{"line":87,"column":3}},"18":{"start":{"line":84,"column":42},"end":{"line":87,"column":2}},"19":{"start":{"line":96,"column":2},"end":{"line":143,"column":3}}},"fnMap":{"0":{"name":"(anonymous_0)","decl":{"start":{"line":13,"column":43},"end":{"line":13,"column":44}},"loc":{"start":{"line":13,"column":49},"end":{"line":15,"column":2}},"line":13},"1":{"name":"(anonymous_1)","decl":{"start":{"line":17,"column":38},"end":{"line":17,"column":39}},"loc":{"start":{"line":17,"column":44},"end":{"line":33,"column":2}},"line":17},"2":{"name":"(anonymous_2)","decl":{"start":{"line":35,"column":39},"end":{"line":35,"column":40}},"loc":{"start":{"line":35,"column":45},"end":{"line":44,"column":2}},"line":35},"3":{"name":"(anonymous_3)","decl":{"start":{"line":46,"column":34},"end":{"line":46,"column":35}},"loc":{"start":{"line":46,"column":40},"end":{"line":51,"column":2}},"line":46},"4":{"name":"(anonymous_4)","decl":{"start":{"line":53,"column":43},"end":{"line":53,"column":44}},"loc":{"start":{"line":53,"column":49},"end":{"line":64,"column":2}},"line":53},"5":{"name":"(anonymous_5)","decl":{"start":{"line":66,"column":39},"end":{"line":66,"column":40}},"loc":{"start":{"line":66,"column":45},"end":{"line":72,"column":2}},"line":66},"6":{"name":"(anonymous_6)","decl":{"start":{"line":74,"column":31},"end":{"line":74,"column":32}},"loc":{"start":{"line":74,"column":37},"end":{"line":76,"column":2}},"line":74},"7":{"name":"(anonymous_7)","decl":{"start":{"line":78,"column":37},"end":{"line":78,"column":38}},"loc":{"start":{"line":78,"column":43},"end":{"line":82,"column":2}},"line":78},"8":{"name":"(anonymous_8)","decl":{"start":{"line":84,"column":36},"end":{"line":84,"column":37}},"loc":{"start":{"line":84,"column":42},"end":{"line":87,"column":2}},"line":84},"9":{"name":"RestaurantsDetailContents","decl":{"start":{"line":89,"column":24},"end":{"line":89,"column":49}},"loc":{"start":{"line":95,"column":3},"end":{"line":144,"column":1}},"line":95}},"branchMap":{"0":{"loc":{"start":{"line":101,"column":11},"end":{"line":105,"column":18}},"type":"cond-expr","locations":[{"start":{"line":102,"column":12},"end":{"line":104,"column":14}},{"start":{"line":105,"column":14},"end":{"line":105,"column":18}}],"line":101},"1":{"loc":{"start":{"line":121,"column":13},"end":{"line":121,"column":43}},"type":"cond-expr","locations":[{"start":{"line":121,"column":20},"end":{"line":121,"column":36}},{"start":{"line":121,"column":39},"end":{"line":121,"column":43}}],"line":121},"2":{"loc":{"start":{"line":134,"column":13},"end":{"line":134,"column":46}},"type":"cond-expr","locations":[{"start":{"line":134,"column":20},"end":{"line":134,"column":39}},{"start":{"line":134,"column":42},"end":{"line":134,"column":46}}],"line":134}},"s":{"0":1,"1":1,"2":0,"3":1,"4":0,"5":1,"6":0,"7":1,"8":0,"9":1,"10":0,"11":1,"12":0,"13":1,"14":0,"15":1,"16":0,"17":1,"18":0,"19":0},"f":{"0":0,"1":0,"2":0,"3":0,"4":0,"5":0,"6":0,"7":0,"8":0,"9":0},"b":{"0":[0,0],"1":[0,0],"2":[0,0]},"_coverageSchema":"1a1c01bbd47fc00a2c39e90264f33305004495a9","hash":"1f26c6eb16a03b14c919ff2ff60e6f41d882615d"}
,"/Users/seon-yeong/work/react-week9-project/src/components/restaurants/RestaurantsMap.jsx": {"path":"/Users/seon-yeong/work/react-week9-project/src/components/restaurants/RestaurantsMap.jsx","statementMap":{"0":{"start":{"line":8,"column":11},"end":{"line":11,"column":2}},"1":{"start":{"line":13,"column":15},"end":{"line":25,"column":3}},"2":{"start":{"line":13,"column":32},"end":{"line":25,"column":2}},"3":{"start":{"line":27,"column":23},"end":{"line":34,"column":3}},"4":{"start":{"line":27,"column":40},"end":{"line":34,"column":2}},"5":{"start":{"line":36,"column":12},"end":{"line":40,"column":3}},"6":{"start":{"line":36,"column":29},"end":{"line":40,"column":2}},"7":{"start":{"line":42,"column":21},"end":{"line":44,"column":3}},"8":{"start":{"line":42,"column":38},"end":{"line":44,"column":2}},"9":{"start":{"line":47,"column":2},"end":{"line":72,"column":3}}},"fnMap":{"0":{"name":"(anonymous_0)","decl":{"start":{"line":13,"column":26},"end":{"line":13,"column":27}},"loc":{"start":{"line":13,"column":32},"end":{"line":25,"column":2}},"line":13},"1":{"name":"(anonymous_1)","decl":{"start":{"line":27,"column":34},"end":{"line":27,"column":35}},"loc":{"start":{"line":27,"column":40},"end":{"line":34,"column":2}},"line":27},"2":{"name":"(anonymous_2)","decl":{"start":{"line":36,"column":23},"end":{"line":36,"column":24}},"loc":{"start":{"line":36,"column":29},"end":{"line":40,"column":2}},"line":36},"3":{"name":"(anonymous_3)","decl":{"start":{"line":42,"column":32},"end":{"line":42,"column":33}},"loc":{"start":{"line":42,"column":38},"end":{"line":44,"column":2}},"line":42},"4":{"name":"RestaurantsMap","decl":{"start":{"line":46,"column":24},"end":{"line":46,"column":38}},"loc":{"start":{"line":46,"column":59},"end":{"line":73,"column":1}},"line":46}},"branchMap":{"0":{"loc":{"start":{"line":49,"column":7},"end":{"line":69,"column":11}},"type":"cond-expr","locations":[{"start":{"line":50,"column":8},"end":{"line":59,"column":11}},{"start":{"line":61,"column":8},"end":{"line":69,"column":11}}],"line":49}},"s":{"0":1,"1":1,"2":0,"3":1,"4":0,"5":1,"6":0,"7":1,"8":0,"9":0},"f":{"0":0,"1":0,"2":0,"3":0,"4":0},"b":{"0":[0,0]},"_coverageSchema":"1a1c01bbd47fc00a2c39e90264f33305004495a9","hash":"ea96242b3b93d5861e57f33968245bd223f1b944"}
,"/Users/seon-yeong/work/react-week9-project/src/components/search/SearchForm.jsx": {"path":"/Users/seon-yeong/work/react-week9-project/src/components/search/SearchForm.jsx","statementMap":{"0":{"start":{"line":7,"column":11},"end":{"line":10,"column":2}},"1":{"start":{"line":12,"column":27},"end":{"line":23,"column":3}},"2":{"start":{"line":12,"column":44},"end":{"line":23,"column":2}},"3":{"start":{"line":25,"column":33},"end":{"line":31,"column":3}},"4":{"start":{"line":25,"column":52},"end":{"line":31,"column":2}},"5":{"start":{"line":33,"column":34},"end":{"line":38,"column":3}},"6":{"start":{"line":33,"column":54},"end":{"line":38,"column":2}},"7":{"start":{"line":41,"column":28},"end":{"line":41,"column":39}},"8":{"start":{"line":42,"column":2},"end":{"line":42,"column":42}},"9":{"start":{"line":45,"column":40},"end":{"line":45,"column":45}},"10":{"start":{"line":46,"column":4},"end":{"line":46,"column":37}},"11":{"start":{"line":49,"column":2},"end":{"line":71,"column":3}},"12":{"start":{"line":61,"column":10},"end":{"line":63,"column":35}}},"fnMap":{"0":{"name":"(anonymous_0)","decl":{"start":{"line":12,"column":38},"end":{"line":12,"column":39}},"loc":{"start":{"line":12,"column":44},"end":{"line":23,"column":2}},"line":12},"1":{"name":"(anonymous_1)","decl":{"start":{"line":25,"column":46},"end":{"line":25,"column":47}},"loc":{"start":{"line":25,"column":52},"end":{"line":31,"column":2}},"line":25},"2":{"name":"(anonymous_2)","decl":{"start":{"line":33,"column":48},"end":{"line":33,"column":49}},"loc":{"start":{"line":33,"column":54},"end":{"line":38,"column":2}},"line":33},"3":{"name":"SearchForm","decl":{"start":{"line":40,"column":24},"end":{"line":40,"column":34}},"loc":{"start":{"line":40,"column":84},"end":{"line":72,"column":1}},"line":40},"4":{"name":"handleChange","decl":{"start":{"line":44,"column":11},"end":{"line":44,"column":23}},"loc":{"start":{"line":44,"column":31},"end":{"line":47,"column":3}},"line":44},"5":{"name":"(anonymous_5)","decl":{"start":{"line":60,"column":17},"end":{"line":60,"column":18}},"loc":{"start":{"line":60,"column":23},"end":{"line":64,"column":9}},"line":60}},"branchMap":{"0":{"loc":{"start":{"line":56,"column":15},"end":{"line":56,"column":34}},"type":"binary-expr","locations":[{"start":{"line":56,"column":15},"end":{"line":56,"column":28}},{"start":{"line":56,"column":32},"end":{"line":56,"column":34}}],"line":56},"1":{"loc":{"start":{"line":61,"column":10},"end":{"line":63,"column":35}},"type":"cond-expr","locations":[{"start":{"line":62,"column":12},"end":{"line":62,"column":27}},{"start":{"line":63,"column":14},"end":{"line":63,"column":35}}],"line":61}},"s":{"0":2,"1":2,"2":2,"3":2,"4":2,"5":2,"6":2,"7":2,"8":2,"9":1,"10":1,"11":2,"12":0},"f":{"0":2,"1":2,"2":2,"3":2,"4":1,"5":0},"b":{"0":[2,2],"1":[0,0]},"_coverageSchema":"1a1c01bbd47fc00a2c39e90264f33305004495a9","hash":"ffcfa73cc0b18a6997ce12507f3ccbb43113e005"}
,"/Users/seon-yeong/work/react-week9-project/src/components/search/SearchFormMock.jsx": {"path":"/Users/seon-yeong/work/react-week9-project/src/components/search/SearchFormMock.jsx","statementMap":{"0":{"start":{"line":7,"column":11},"end":{"line":10,"column":2}},"1":{"start":{"line":12,"column":27},"end":{"line":23,"column":3}},"2":{"start":{"line":12,"column":44},"end":{"line":23,"column":2}},"3":{"start":{"line":25,"column":33},"end":{"line":31,"column":3}},"4":{"start":{"line":25,"column":52},"end":{"line":31,"column":2}},"5":{"start":{"line":33,"column":34},"end":{"line":38,"column":3}},"6":{"start":{"line":33,"column":54},"end":{"line":38,"column":2}},"7":{"start":{"line":41,"column":2},"end":{"line":58,"column":3}}},"fnMap":{"0":{"name":"(anonymous_0)","decl":{"start":{"line":12,"column":38},"end":{"line":12,"column":39}},"loc":{"start":{"line":12,"column":44},"end":{"line":23,"column":2}},"line":12},"1":{"name":"(anonymous_1)","decl":{"start":{"line":25,"column":46},"end":{"line":25,"column":47}},"loc":{"start":{"line":25,"column":52},"end":{"line":31,"column":2}},"line":25},"2":{"name":"(anonymous_2)","decl":{"start":{"line":33,"column":48},"end":{"line":33,"column":49}},"loc":{"start":{"line":33,"column":54},"end":{"line":38,"column":2}},"line":33},"3":{"name":"SearchFormMock","decl":{"start":{"line":40,"column":24},"end":{"line":40,"column":38}},"loc":{"start":{"line":40,"column":58},"end":{"line":59,"column":1}},"line":40}},"branchMap":{"0":{"loc":{"start":{"line":47,"column":17},"end":{"line":47,"column":36}},"type":"binary-expr","locations":[{"start":{"line":47,"column":17},"end":{"line":47,"column":30}},{"start":{"line":47,"column":34},"end":{"line":47,"column":36}}],"line":47}},"s":{"0":1,"1":1,"2":0,"3":1,"4":0,"5":1,"6":0,"7":0},"f":{"0":0,"1":0,"2":0,"3":0},"b":{"0":[0,0]},"_coverageSchema":"1a1c01bbd47fc00a2c39e90264f33305004495a9","hash":"a2424ac5ff3dbdd0d793da3a8a5a69140b4d20d8"}
,"/Users/seon-yeong/work/react-week9-project/src/components/search/SearchResultRestaurants.jsx": {"path":"/Users/seon-yeong/work/react-week9-project/src/components/search/SearchResultRestaurants.jsx","statementMap":{"0":{"start":{"line":7,"column":11},"end":{"line":10,"column":2}},"1":{"start":{"line":12,"column":43},"end":{"line":18,"column":3}},"2":{"start":{"line":12,"column":60},"end":{"line":18,"column":2}},"3":{"start":{"line":20,"column":14},"end":{"line":25,"column":3}},"4":{"start":{"line":20,"column":30},"end":{"line":25,"column":2}},"5":{"start":{"line":27,"column":34},"end":{"line":30,"column":2}},"6":{"start":{"line":32,"column":45},"end":{"line":44,"column":3}},"7":{"start":{"line":32,"column":61},"end":{"line":44,"column":2}},"8":{"start":{"line":46,"column":54},"end":{"line":65,"column":3}},"9":{"start":{"line":46,"column":71},"end":{"line":65,"column":2}},"10":{"start":{"line":68,"column":2},"end":{"line":97,"column":3}},"11":{"start":{"line":75,"column":10},"end":{"line":93,"column":17}}},"fnMap":{"0":{"name":"(anonymous_0)","decl":{"start":{"line":12,"column":54},"end":{"line":12,"column":55}},"loc":{"start":{"line":12,"column":60},"end":{"line":18,"column":2}},"line":12},"1":{"name":"(anonymous_1)","decl":{"start":{"line":20,"column":24},"end":{"line":20,"column":25}},"loc":{"start":{"line":20,"column":30},"end":{"line":25,"column":2}},"line":20},"2":{"name":"(anonymous_2)","decl":{"start":{"line":32,"column":55},"end":{"line":32,"column":56}},"loc":{"start":{"line":32,"column":61},"end":{"line":44,"column":2}},"line":32},"3":{"name":"(anonymous_3)","decl":{"start":{"line":46,"column":65},"end":{"line":46,"column":66}},"loc":{"start":{"line":46,"column":71},"end":{"line":65,"column":2}},"line":46},"4":{"name":"SearchResultRestaurants","decl":{"start":{"line":67,"column":24},"end":{"line":67,"column":47}},"loc":{"start":{"line":67,"column":92},"end":{"line":98,"column":1}},"line":67},"5":{"name":"(anonymous_5)","decl":{"start":{"line":74,"column":37},"end":{"line":74,"column":38}},"loc":{"start":{"line":75,"column":10},"end":{"line":93,"column":17}},"line":75}},"branchMap":{"0":{"loc":{"start":{"line":87,"column":17},"end":{"line":89,"column":50}},"type":"cond-expr","locations":[{"start":{"line":88,"column":18},"end":{"line":88,"column":35}},{"start":{"line":89,"column":18},"end":{"line":89,"column":50}}],"line":87}},"s":{"0":1,"1":1,"2":0,"3":1,"4":0,"5":1,"6":1,"7":0,"8":1,"9":0,"10":0,"11":0},"f":{"0":0,"1":0,"2":0,"3":0,"4":0,"5":0},"b":{"0":[0,0]},"_coverageSchema":"1a1c01bbd47fc00a2c39e90264f33305004495a9","hash":"79c7dd93065b5b837c296c7c8fcb42c129ec8a1c"}
,"/Users/seon-yeong/work/react-week9-project/src/components/sidebar/SideBar.jsx": {"path":"/Users/seon-yeong/work/react-week9-project/src/components/sidebar/SideBar.jsx","statementMap":{"0":{"start":{"line":5,"column":22},"end":{"line":18,"column":2}},"1":{"start":{"line":20,"column":21},"end":{"line":23,"column":2}},"2":{"start":{"line":25,"column":21},"end":{"line":31,"column":2}},"3":{"start":{"line":33,"column":30},"end":{"line":37,"column":2}},"4":{"start":{"line":49,"column":26},"end":{"line":59,"column":2}},"5":{"start":{"line":62,"column":2},"end":{"line":116,"column":3}}},"fnMap":{"0":{"name":"SideBar","decl":{"start":{"line":61,"column":24},"end":{"line":61,"column":31}},"loc":{"start":{"line":61,"column":34},"end":{"line":117,"column":1}},"line":61}},"branchMap":{},"s":{"0":1,"1":1,"2":1,"3":1,"4":1,"5":0},"f":{"0":0},"b":{},"_coverageSchema":"1a1c01bbd47fc00a2c39e90264f33305004495a9","hash":"dfd675982a9d26d9e64f059035b59fa9d89d1dfb"}
,"/Users/seon-yeong/work/react-week9-project/src/components/sidebar/SideBarLeft.jsx": {"path":"/Users/seon-yeong/work/react-week9-project/src/components/sidebar/SideBarLeft.jsx","statementMap":{"0":{"start":{"line":5,"column":29},"end":{"line":21,"column":2}},"1":{"start":{"line":23,"column":39},"end":{"line":27,"column":2}},"2":{"start":{"line":29,"column":34},"end":{"line":33,"column":2}},"3":{"start":{"line":36,"column":2},"end":{"line":56,"column":3}},"4":{"start":{"line":41,"column":25},"end":{"line":41,"column":43}}},"fnMap":{"0":{"name":"SideBarLeft","decl":{"start":{"line":35,"column":24},"end":{"line":35,"column":35}},"loc":{"start":{"line":35,"column":58},"end":{"line":57,"column":1}},"line":35},"1":{"name":"(anonymous_1)","decl":{"start":{"line":41,"column":19},"end":{"line":41,"column":20}},"loc":{"start":{"line":41,"column":25},"end":{"line":41,"column":43}},"line":41}},"branchMap":{},"s":{"0":1,"1":1,"2":1,"3":3,"4":0},"f":{"0":3,"1":0},"b":{},"_coverageSchema":"1a1c01bbd47fc00a2c39e90264f33305004495a9","hash":"5039a217fea780a21e4c70d500db494345c70b73"}
,"/Users/seon-yeong/work/react-week9-project/src/components/sidebar/SideBarMenu.jsx": {"path":"/Users/seon-yeong/work/react-week9-project/src/components/sidebar/SideBarMenu.jsx","statementMap":{"0":{"start":{"line":5,"column":29},"end":{"line":21,"column":2}},"1":{"start":{"line":23,"column":35},"end":{"line":28,"column":2}},"2":{"start":{"line":30,"column":34},"end":{"line":35,"column":2}},"3":{"start":{"line":36,"column":43},"end":{"line":40,"column":2}},"4":{"start":{"line":56,"column":43},"end":{"line":71,"column":2}},"5":{"start":{"line":74,"column":2},"end":{"line":148,"column":3}},"6":{"start":{"line":80,"column":27},"end":{"line":80,"column":41}},"7":{"start":{"line":91,"column":27},"end":{"line":91,"column":41}},"8":{"start":{"line":100,"column":27},"end":{"line":100,"column":41}},"9":{"start":{"line":109,"column":27},"end":{"line":109,"column":41}},"10":{"start":{"line":118,"column":27},"end":{"line":118,"column":41}}},"fnMap":{"0":{"name":"SideBarMenu","decl":{"start":{"line":73,"column":24},"end":{"line":73,"column":35}},"loc":{"start":{"line":73,"column":54},"end":{"line":149,"column":1}},"line":73},"1":{"name":"(anonymous_1)","decl":{"start":{"line":80,"column":21},"end":{"line":80,"column":22}},"loc":{"start":{"line":80,"column":27},"end":{"line":80,"column":41}},"line":80},"2":{"name":"(anonymous_2)","decl":{"start":{"line":91,"column":21},"end":{"line":91,"column":22}},"loc":{"start":{"line":91,"column":27},"end":{"line":91,"column":41}},"line":91},"3":{"name":"(anonymous_3)","decl":{"start":{"line":100,"column":21},"end":{"line":100,"column":22}},"loc":{"start":{"line":100,"column":27},"end":{"line":100,"column":41}},"line":100},"4":{"name":"(anonymous_4)","decl":{"start":{"line":109,"column":21},"end":{"line":109,"column":22}},"loc":{"start":{"line":109,"column":27},"end":{"line":109,"column":41}},"line":109},"5":{"name":"(anonymous_5)","decl":{"start":{"line":118,"column":21},"end":{"line":118,"column":22}},"loc":{"start":{"line":118,"column":27},"end":{"line":118,"column":41}},"line":118}},"branchMap":{},"s":{"0":1,"1":1,"2":1,"3":1,"4":1,"5":0,"6":0,"7":0,"8":0,"9":0,"10":0},"f":{"0":0,"1":0,"2":0,"3":0,"4":0,"5":0},"b":{},"_coverageSchema":"1a1c01bbd47fc00a2c39e90264f33305004495a9","hash":"9eb539a07fd927b9b494c6776acff6db547c076f"}
,"/Users/seon-yeong/work/react-week9-project/src/components/topbar/TopBackBar.jsx": {"path":"/Users/seon-yeong/work/react-week9-project/src/components/topbar/TopBackBar.jsx","statementMap":{"0":{"start":{"line":9,"column":11},"end":{"line":12,"column":2}},"1":{"start":{"line":14,"column":20},"end":{"line":33,"column":3}},"2":{"start":{"line":14,"column":37},"end":{"line":33,"column":2}},"3":{"start":{"line":37,"column":4},"end":{"line":37,"column":35}},"4":{"start":{"line":40,"column":2},"end":{"line":53,"column":3}},"5":{"start":{"line":42,"column":40},"end":{"line":42,"column":57}}},"fnMap":{"0":{"name":"(anonymous_0)","decl":{"start":{"line":14,"column":31},"end":{"line":14,"column":32}},"loc":{"start":{"line":14,"column":37},"end":{"line":33,"column":2}},"line":14},"1":{"name":"TopBackBar","decl":{"start":{"line":35,"column":24},"end":{"line":35,"column":34}},"loc":{"start":{"line":35,"column":37},"end":{"line":54,"column":1}},"line":35},"2":{"name":"handleClickBack","decl":{"start":{"line":36,"column":11},"end":{"line":36,"column":26}},"loc":{"start":{"line":36,"column":29},"end":{"line":38,"column":3}},"line":36},"3":{"name":"(anonymous_3)","decl":{"start":{"line":42,"column":34},"end":{"line":42,"column":35}},"loc":{"start":{"line":42,"column":40},"end":{"line":42,"column":57}},"line":42}},"branchMap":{},"s":{"0":1,"1":1,"2":0,"3":0,"4":0,"5":0},"f":{"0":0,"1":0,"2":0,"3":0},"b":{},"_coverageSchema":"1a1c01bbd47fc00a2c39e90264f33305004495a9","hash":"2063596bb1756e345ffb6cf8c09151d67943cb4b"}
[...]
art":{"line":205,"column":20},"end":{"line":216,"column":27}},"type":"cond-expr","locations":[{"start":{"line":206,"column":22},"end":{"line":206,"column":55}},{"start":{"line":208,"column":22},"end":{"line":216,"column":27}}],"line":205},"10":{"loc":{"start":{"line":208,"column":22},"end":{"line":216,"column":27}},"type":"cond-expr","locations":[{"start":{"line":209,"column":24},"end":{"line":212,"column":27}},{"start":{"line":213,"column":24},"end":{"line":216,"column":27}}],"line":208},"11":{"loc":{"start":{"line":220,"column":19},"end":{"line":235,"column":22}},"type":"cond-expr","locations":[{"start":{"line":221,"column":20},"end":{"line":231,"column":23}},{"start":{"line":233,"column":20},"end":{"line":235,"column":22}}],"line":220},"12":{"loc":{"start":{"line":239,"column":16},"end":{"line":269,"column":48}},"type":"cond-expr","locations":[{"start":{"line":240,"column":16},"end":{"line":268,"column":19}},{"start":{"line":269,"column":18},"end":{"line":269,"column":48}}],"line":239},"13":{"loc":{"start":{"line":253,"column":22},"end":{"line":264,"column":29}},"type":"cond-expr","locations":[{"start":{"line":254,"column":24},"end":{"line":254,"column":57}},{"start":{"line":256,"column":24},"end":{"line":264,"column":29}}],"line":253},"14":{"loc":{"start":{"line":256,"column":24},"end":{"line":264,"column":29}},"type":"cond-expr","locations":[{"start":{"line":257,"column":26},"end":{"line":260,"column":29}},{"start":{"line":261,"column":26},"end":{"line":264,"column":29}}],"line":256}},"s":{"0":2,"1":2,"2":3,"3":2,"4":0,"5":2,"6":0,"7":2,"8":0,"9":3,"10":3,"11":3,"12":0,"13":3,"14":0,"15":3,"16":3,"17":3,"18":3,"19":3,"20":0,"21":3,"22":0,"23":3,"24":0,"25":3},"f":{"0":3,"1":0,"2":0,"3":0,"4":3,"5":0,"6":3,"7":3,"8":0,"9":0,"10":0},"b":{"0":[0,3],"1":[0,3],"2":[0,3],"3":[3,0],"4":[0,3],"5":[0,0],"6":[0,0],"7":[0,0],"8":[0,3],"9":[0,0],"10":[0,0],"11":[0,0],"12":[0,3],"13":[0,0],"14":[0,0]},"_coverageSchema":"1a1c01bbd47fc00a2c39e90264f33305004495a9","hash":"43b00998393daadc153a228f218d0e336a9aef83"}
,"/Users/seon-yeong/work/react-week9-project/src/pages/HomePage.jsx": {"path":"/Users/seon-yeong/work/react-week9-project/src/pages/HomePage.jsx","statementMap":{"0":{"start":{"line":21,"column":11},"end":{"line":24,"column":2}},"1":{"start":{"line":26,"column":12},"end":{"line":32,"column":3}},"2":{"start":{"line":26,"column":29},"end":{"line":32,"column":2}},"3":{"start":{"line":34,"column":23},"end":{"line":37,"column":3}},"4":{"start":{"line":34,"column":40},"end":{"line":37,"column":2}},"5":{"start":{"line":39,"column":28},"end":{"line":45,"column":3}},"6":{"start":{"line":39,"column":45},"end":{"line":45,"column":2}},"7":{"start":{"line":47,"column":38},"end":{"line":64,"column":3}},"8":{"start":{"line":47,"column":58},"end":{"line":64,"column":2}},"9":{"start":{"line":66,"column":35},"end":{"line":81,"column":3}},"10":{"start":{"line":66,"column":55},"end":{"line":81,"column":2}},"11":{"start":{"line":84,"column":19},"end":{"line":84,"column":32}},"12":{"start":{"line":86,"column":2},"end":{"line":88,"column":9}},"13":{"start":{"line":87,"column":4},"end":{"line":87,"column":42}},"14":{"start":{"line":90,"column":2},"end":{"line":124,"column":3}}},"fnMap":{"0":{"name":"(anonymous_0)","decl":{"start":{"line":26,"column":23},"end":{"line":26,"column":24}},"loc":{"start":{"line":26,"column":29},"end":{"line":32,"column":2}},"line":26},"1":{"name":"(anonymous_1)","decl":{"start":{"line":34,"column":34},"end":{"line":34,"column":35}},"loc":{"start":{"line":34,"column":40},"end":{"line":37,"column":2}},"line":34},"2":{"name":"(anonymous_2)","decl":{"start":{"line":39,"column":39},"end":{"line":39,"column":40}},"loc":{"start":{"line":39,"column":45},"end":{"line":45,"column":2}},"line":39},"3":{"name":"(anonymous_3)","decl":{"start":{"line":47,"column":52},"end":{"line":47,"column":53}},"loc":{"start":{"line":47,"column":58},"end":{"line":64,"column":2}},"line":47},"4":{"name":"(anonymous_4)","decl":{"start":{"line":66,"column":49},"end":{"line":66,"column":50}},"loc":{"start":{"line":66,"column":55},"end":{"line":81,"column":2}},"line":66},"5":{"name":"HomePage","decl":{"start":{"line":83,"column":24},"end":{"line":83,"column":32}},"loc":{"start":{"line":83,"column":50},"end":{"line":125,"column":1}},"line":83},"6":{"name":"(anonymous_6)","decl":{"start":{"line":86,"column":12},"end":{"line":86,"column":13}},"loc":{"start":{"line":86,"column":18},"end":{"line":88,"column":3}},"line":86}},"branchMap":{},"s":{"0":2,"1":2,"2":1,"3":2,"4":1,"5":2,"6":1,"7":2,"8":1,"9":2,"10":1,"11":1,"12":1,"13":1,"14":1},"f":{"0":1,"1":1,"2":1,"3":1,"4":1,"5":1,"6":1},"b":{},"_coverageSchema":"1a1c01bbd47fc00a2c39e90264f33305004495a9","hash":"44b940235fe1aab5d258baaca7d9142a62839bb1"}
,"/Users/seon-yeong/work/react-week9-project/src/pages/RestaurantPage.jsx": {"path":"/Users/seon-yeong/work/react-week9-project/src/pages/RestaurantPage.jsx","statementMap":{"0":{"start":{"line":25,"column":11},"end":{"line":28,"column":2}},"1":{"start":{"line":30,"column":12},"end":{"line":36,"column":3}},"2":{"start":{"line":30,"column":29},"end":{"line":36,"column":2}},"3":{"start":{"line":38,"column":29},"end":{"line":44,"column":3}},"4":{"start":{"line":38,"column":46},"end":{"line":44,"column":2}},"5":{"start":{"line":47,"column":19},"end":{"line":47,"column":40}},"6":{"start":{"line":48,"column":27},"end":{"line":48,"column":56}},"7":{"start":{"line":49,"column":2},"end":{"line":49,"column":65}},"8":{"start":{"line":51,"column":19},"end":{"line":51,"column":32}},"9":{"start":{"line":53,"column":23},"end":{"line":55,"column":3}},"10":{"start":{"line":54,"column":4},"end":{"line":54,"column":23}},"11":{"start":{"line":57,"column":2},"end":{"line":60,"column":9}},"12":{"start":{"line":58,"column":16},"end":{"line":58,"column":35}},"13":{"start":{"line":59,"column":4},"end":{"line":59,"column":47}},"14":{"start":{"line":62,"column":2},"end":{"line":77,"column":3}}},"fnMap":{"0":{"name":"(anonymous_0)","decl":{"start":{"line":30,"column":23},"end":{"line":30,"column":24}},"loc":{"start":{"line":30,"column":29},"end":{"line":36,"column":2}},"line":30},"1":{"name":"(anonymous_1)","decl":{"start":{"line":38,"column":40},"end":{"line":38,"column":41}},"loc":{"start":{"line":38,"column":46},"end":{"line":44,"column":2}},"line":38},"2":{"name":"RestaurantPage","decl":{"start":{"line":46,"column":24},"end":{"line":46,"column":38}},"loc":{"start":{"line":46,"column":70},"end":{"line":78,"column":1}},"line":46},"3":{"name":"(anonymous_3)","decl":{"start":{"line":53,"column":35},"end":{"line":53,"column":36}},"loc":{"start":{"line":54,"column":4},"end":{"line":54,"column":23}},"line":54},"4":{"name":"(anonymous_4)","decl":{"start":{"line":57,"column":12},"end":{"line":57,"column":13}},"loc":{"start":{"line":57,"column":18},"end":{"line":60,"column":3}},"line":57}},"branchMap":{"0":{"loc":{"start":{"line":47,"column":19},"end":{"line":47,"column":40}},"type":"binary-expr","locations":[{"start":{"line":47,"column":19},"end":{"line":47,"column":25}},{"start":{"line":47,"column":29},"end":{"line":47,"column":40}}],"line":47}},"s":{"0":1,"1":1,"2":0,"3":1,"4":0,"5":0,"6":0,"7":0,"8":0,"9":0,"10":0,"11":0,"12":0,"13":0,"14":0},"f":{"0":0,"1":0,"2":0,"3":0,"4":0},"b":{"0":[0,0]},"_coverageSchema":"1a1c01bbd47fc00a2c39e90264f33305004495a9","hash":"b079ba616b74f0304e38348dbb0995841ffd40c6"}
,"/Users/seon-yeong/work/react-week9-project/src/pages/SearchPage.jsx": {"path":"/Users/seon-yeong/work/react-week9-project/src/pages/SearchPage.jsx","statementMap":{"0":{"start":{"line":19,"column":11},"end":{"line":22,"column":2}},"1":{"start":{"line":24,"column":25},"end":{"line":27,"column":3}},"2":{"start":{"line":24,"column":42},"end":{"line":27,"column":2}},"3":{"start":{"line":29,"column":29},"end":{"line":40,"column":3}},"4":{"start":{"line":29,"column":46},"end":{"line":40,"column":2}},"5":{"start":{"line":43,"column":19},"end":{"line":43,"column":32}},"6":{"start":{"line":45,"column":2},"end":{"line":47,"column":9}},"7":{"start":{"line":46,"column":4},"end":{"line":46,"column":42}},"8":{"start":{"line":49,"column":34},"end":{"line":51,"column":4}},"9":{"start":{"line":50,"column":4},"end":{"line":50,"column":33}},"10":{"start":{"line":52,"column":24},"end":{"line":54,"column":4}},"11":{"start":{"line":53,"column":4},"end":{"line":53,"column":23}},"12":{"start":{"line":56,"column":2},"end":{"line":77,"column":3}}},"fnMap":{"0":{"name":"(anonymous_0)","decl":{"start":{"line":24,"column":36},"end":{"line":24,"column":37}},"loc":{"start":{"line":24,"column":42},"end":{"line":27,"column":2}},"line":24},"1":{"name":"(anonymous_1)","decl":{"start":{"line":29,"column":40},"end":{"line":29,"column":41}},"loc":{"start":{"line":29,"column":46},"end":{"line":40,"column":2}},"line":29},"2":{"name":"SearchPage","decl":{"start":{"line":42,"column":24},"end":{"line":42,"column":34}},"loc":{"start":{"line":42,"column":52},"end":{"line":78,"column":1}},"line":42},"3":{"name":"(anonymous_3)","decl":{"start":{"line":45,"column":12},"end":{"line":45,"column":13}},"loc":{"start":{"line":45,"column":18},"end":{"line":47,"column":3}},"line":45},"4":{"name":"(anonymous_4)","decl":{"start":{"line":49,"column":46},"end":{"line":49,"column":47}},"loc":{"start":{"line":50,"column":4},"end":{"line":50,"column":33}},"line":50},"5":{"name":"(anonymous_5)","decl":{"start":{"line":52,"column":36},"end":{"line":52,"column":37}},"loc":{"start":{"line":53,"column":4},"end":{"line":53,"column":23}},"line":53}},"branchMap":{"0":{"loc":{"start":{"line":62,"column":9},"end":{"line":73,"column":12}},"type":"cond-expr","locations":[{"start":{"line":63,"column":10},"end":{"line":69,"column":13}},{"start":{"line":70,"column":12},"end":{"line":73,"column":12}}],"line":62}},"s":{"0":1,"1":1,"2":0,"3":1,"4":0,"5":0,"6":0,"7":0,"8":0,"9":0,"10":0,"11":0,"12":0},"f":{"0":0,"1":0,"2":0,"3":0,"4":0,"5":0},"b":{"0":[0,0]},"_coverageSchema":"1a1c01bbd47fc00a2c39e90264f33305004495a9","hash":"6c5f0583c0b3e52cbc1826d1a64d25fc5302f98f"}
,"/Users/seon-yeong/work/react-week9-project/src/pages/SearchResultRestaurantPage.jsx": {"path":"/Users/seon-yeong/work/react-week9-project/src/pages/SearchResultRestaurantPage.jsx","statementMap":{"0":{"start":{"line":24,"column":11},"end":{"line":27,"column":2}},"1":{"start":{"line":29,"column":29},"end":{"line":35,"column":3}},"2":{"start":{"line":29,"column":46},"end":{"line":35,"column":2}},"3":{"start":{"line":38,"column":19},"end":{"line":38,"column":40}},"4":{"start":{"line":39,"column":27},"end":{"line":39,"column":56}},"5":{"start":{"line":40,"column":2},"end":{"line":40,"column":65}},"6":{"start":{"line":42,"column":19},"end":{"line":42,"column":32}},"7":{"start":{"line":44,"column":23},"end":{"line":46,"column":3}},"8":{"start":{"line":45,"column":4},"end":{"line":45,"column":23}},"9":{"start":{"line":48,"column":2},"end":{"line":51,"column":9}},"10":{"start":{"line":49,"column":16},"end":{"line":49,"column":35}},"11":{"start":{"line":50,"column":4},"end":{"line":50,"column":47}},"12":{"start":{"line":53,"column":24},"end":{"line":53,"column":49}},"13":{"start":{"line":55,"column":2},"end":{"line":69,"column":3}}},"fnMap":{"0":{"name":"(anonymous_0)","decl":{"start":{"line":29,"column":40},"end":{"line":29,"column":41}},"loc":{"start":{"line":29,"column":46},"end":{"line":35,"column":2}},"line":29},"1":{"name":"SearchResultRestaurantPage","decl":{"start":{"line":37,"column":24},"end":{"line":37,"column":50}},"loc":{"start":{"line":37,"column":82},"end":{"line":70,"column":1}},"line":37},"2":{"name":"(anonymous_2)","decl":{"start":{"line":44,"column":35},"end":{"line":44,"column":36}},"loc":{"start":{"line":45,"column":4},"end":{"line":45,"column":23}},"line":45},"3":{"name":"(anonymous_3)","decl":{"start":{"line":48,"column":12},"end":{"line":48,"column":13}},"loc":{"start":{"line":48,"column":18},"end":{"line":51,"column":3}},"line":48}},"branchMap":{"0":{"loc":{"start":{"line":38,"column":19},"end":{"line":38,"column":40}},"type":"binary-expr","locations":[{"start":{"line":38,"column":19},"end":{"line":38,"column":25}},{"start":{"line":38,"column":29},"end":{"line":38,"column":40}}],"line":38}},"s":{"0":1,"1":1,"2":0,"3":0,"4":0,"5":0,"6":0,"7":0,"8":0,"9":0,"10":0,"11":0,"12":0,"13":0},"f":{"0":0,"1":0,"2":0,"3":0},"b":{"0":[0,0]},"_coverageSchema":"1a1c01bbd47fc00a2c39e90264f33305004495a9","hash":"22f112d918fb2d455badca1865c8cbc289fd0e90"}
,"/Users/seon-yeong/work/react-week9-project/src/pages/SituationSelectPage.jsx": {"path":"/Users/seon-yeong/work/react-week9-project/src/pages/SituationSelectPage.jsx","statementMap":{"0":{"start":{"line":20,"column":11},"end":{"line":23,"column":2}},"1":{"start":{"line":25,"column":34},"end":{"line":32,"column":3}},"2":{"start":{"line":25,"column":51},"end":{"line":32,"column":2}},"3":{"start":{"line":34,"column":14},"end":{"line":49,"column":2}},"4":{"start":{"line":52,"column":15},"end":{"line":54,"column":4}},"5":{"start":{"line":56,"column":19},"end":{"line":56,"column":32}},"6":{"start":{"line":58,"column":2},"end":{"line":60,"column":9}},"7":{"start":{"line":59,"column":4},"end":{"line":59,"column":42}},"8":{"start":{"line":62,"column":23},"end":{"line":62,"column":67}},"9":{"start":{"line":62,"column":47},"end":{"line":62,"column":65}},"10":{"start":{"line":64,"column":2},"end":{"line":87,"column":3}}},"fnMap":{"0":{"name":"(anonymous_0)","decl":{"start":{"line":25,"column":45},"end":{"line":25,"column":46}},"loc":{"start":{"line":25,"column":51},"end":{"line":32,"column":2}},"line":25},"1":{"name":"SituationSelectPage","decl":{"start":{"line":51,"column":24},"end":{"line":51,"column":43}},"loc":{"start":{"line":51,"column":61},"end":{"line":88,"column":1}},"line":51},"2":{"name":"(anonymous_2)","decl":{"start":{"line":58,"column":12},"end":{"line":58,"column":13}},"loc":{"start":{"line":58,"column":18},"end":{"line":60,"column":3}},"line":58},"3":{"name":"(anonymous_3)","decl":{"start":{"line":62,"column":35},"end":{"line":62,"column":36}},"loc":{"start":{"line":62,"column":47},"end":{"line":62,"column":65}},"line":62}},"branchMap":{"0":{"loc":{"start":{"line":71,"column":9},"end":{"line":77,"column":14}},"type":"cond-expr","locations":[{"start":{"line":72,"column":10},"end":{"line":75,"column":18}},{"start":{"line":77,"column":10},"end":{"line":77,"column":14}}],"line":71}},"s":{"0":2,"1":2,"2":2,"3":2,"4":2,"5":2,"6":2,"7":2,"8":2,"9":1,"10":2},"f":{"0":2,"1":2,"2":2,"3":1},"b":{"0":[0,2]},"_coverageSchema":"1a1c01bbd47fc00a2c39e90264f33305004495a9","hash":"1e3f0a2396f7383be35c5588c277fdce269086d5"}
,"/Users/seon-yeong/work/react-week9-project/src/services/api.js": {"path":"/Users/seon-yeong/work/react-week9-project/src/services/api.js","statementMap":{"0":{"start":{"line":2,"column":2},"end":{"line":16,"column":3}},"1":{"start":{"line":3,"column":16},"end":{"line":4,"column":77}},"2":{"start":{"line":6,"column":21},"end":{"line":12,"column":6}},"3":{"start":{"line":14,"column":26},"end":{"line":14,"column":47}},"4":{"start":{"line":15,"column":4},"end":{"line":15,"column":21}},"5":{"start":{"line":20,"column":2},"end":{"line":34,"column":3}},"6":{"start":{"line":21,"column":16},"end":{"line":22,"column":77}},"7":{"start":{"line":24,"column":21},"end":{"line":30,"column":6}},"8":{"start":{"line":32,"column":26},"end":{"line":32,"column":47}},"9":{"start":{"line":33,"column":4},"end":{"line":33,"column":21}},"10":{"start":{"line":38,"column":2},"end":{"line":52,"column":3}},"11":{"start":{"line":39,"column":16},"end":{"line":40,"column":53}},"12":{"start":{"line":42,"column":21},"end":{"line":48,"column":6}},"13":{"start":{"line":50,"column":26},"end":{"line":50,"column":47}},"14":{"start":{"line":51,"column":4},"end":{"line":51,"column":21}},"15":{"start":{"line":56,"column":2},"end":{"line":70,"column":3}},"16":{"start":{"line":57,"column":16},"end":{"line":58,"column":64}},"17":{"start":{"line":60,"column":21},"end":{"line":66,"column":6}},"18":{"start":{"line":68,"column":26},"end":{"line":68,"column":47}},"19":{"start":{"line":69,"column":4},"end":{"line":69,"column":21}}},"fnMap":{"0":{"name":"fetchAfterRestaurants","decl":{"start":{"line":1,"column":22},"end":{"line":1,"column":43}},"loc":{"start":{"line":1,"column":54},"end":{"line":17,"column":1}},"line":1},"1":{"name":"fetchAfterCafes","decl":{"start":{"line":19,"column":22},"end":{"line":19,"column":37}},"loc":{"start":{"line":19,"column":48},"end":{"line":35,"column":1}},"line":19},"2":{"name":"fetchAfterBars","decl":{"start":{"line":37,"column":22},"end":{"line":37,"column":36}},"loc":{"start":{"line":37,"column":47},"end":{"line":53,"column":1}},"line":37},"3":{"name":"fetchRecommendCourse","decl":{"start":{"line":55,"column":22},"end":{"line":55,"column":42}},"loc":{"start":{"line":55,"column":67},"end":{"line":71,"column":1}},"line":55}},"branchMap":{"0":{"loc":{"start":{"line":2,"column":2},"end":{"line":16,"column":3}},"type":"if","locations":[{"start":{"line":2,"column":2},"end":{"line":16,"column":3}},{"start":{},"end":{}}],"line":2},"1":{"loc":{"start":{"line":2,"column":6},"end":{"line":2,"column":12}},"type":"binary-expr","locations":[{"start":{"line":2,"column":6},"end":{"line":2,"column":7}},{"start":{"line":2,"column":11},"end":{"line":2,"column":12}}],"line":2},"2":{"loc":{"start":{"line":20,"column":2},"end":{"line":34,"column":3}},"type":"if","locations":[{"start":{"line":20,"column":2},"end":{"line":34,"column":3}},{"start":{},"end":{}}],"line":20},"3":{"loc":{"start":{"line":20,"column":6},"end":{"line":20,"column":12}},"type":"binary-expr","locations":[{"start":{"line":20,"column":6},"end":{"line":20,"column":7}},{"start":{"line":20,"column":11},"end":{"line":20,"column":12}}],"line":20},"4":{"loc":{"start":{"line":38,"column":2},"end":{"line":52,"column":3}},"type":"if","locations":[{"start":{"line":38,"column":2},"end":{"line":52,"column":3}},{"start":{},"end":{}}],"line":38},"5":{"loc":{"start":{"line":38,"column":6},"end":{"line":38,"column":12}},"type":"binary-expr","locations":[{"start":{"line":38,"column":6},"end":{"line":38,"column":7}},{"start":{"line":38,"column":11},"end":{"line":38,"column":12}}],"line":38},"6":{"loc":{"start":{"line":56,"column":2},"end":{"line":70,"column":3}},"type":"if","locations":[{"start":{"line":56,"column":2},"end":{"line":70,"column":3}},{"start":{},"end":{}}],"line":56},"7":{"loc":{"start":{"line":56,"column":6},"end":{"line":56,"column":12}},"type":"binary-expr","locations":[{"start":{"line":56,"column":6},"end":{"line":56,"column":7}},{"start":{"line":56,"column":11},"end":{"line":56,"column":12}}],"line":56}},"s":{"0":0,"1":0,"2":0,"3":0,"4":0,"5":0,"6":0,"7":0,"8":0,"9":0,"10":0,"11":0,"12":0,"13":0,"14":0,"15":0,"16":0,"17":0,"18":0,"19":0},"f":{"0":0,"1":0,"2":0,"3":0},"b":{"0":[0,0],"1":[0,0],"2":[0,0],"3":[0,0],"4":[0,0],"5":[0,0],"6":[0,0],"7":[0,0]},"_coverageSchema":"1a1c01bbd47fc00a2c39e90264f33305004495a9","hash":"069eaab39dcf2c4e6ad039454b59961d5e3d0376"}
,"/Users/seon-yeong/work/react-week9-project/src/services/storage.js": {"path":"/Users/seon-yeong/work/react-week9-project/src/services/storage.js","statementMap":{"0":{"start":{"line":2,"column":2},"end":{"line":2,"column":34}},"1":{"start":{"line":6,"column":2},"end":{"line":6,"column":34}},"2":{"start":{"line":10,"column":2},"end":{"line":10,"column":37}}},"fnMap":{"0":{"name":"saveItem","decl":{"start":{"line":1,"column":16},"end":{"line":1,"column":24}},"loc":{"start":{"line":1,"column":37},"end":{"line":3,"column":1}},"line":1},"1":{"name":"loadItem","decl":{"start":{"line":5,"column":16},"end":{"line":5,"column":24}},"loc":{"start":{"line":5,"column":30},"end":{"line":7,"column":1}},"line":5},"2":{"name":"removeItem","decl":{"start":{"line":9,"column":16},"end":{"line":9,"column":26}},"loc":{"start":{"line":9,"column":32},"end":{"line":11,"column":1}},"line":9}},"branchMap":{},"s":{"0":3,"1":1,"2":0},"f":{"0":3,"1":1,"2":0},"b":{},"_coverageSchema":"1a1c01bbd47fc00a2c39e90264f33305004495a9","hash":"2c69044c05f7c134a19e3b5e746812dcb59ad9aa"}
}
