TN:
SF:src/App.jsx
FN:20,App
FN:25,(anonymous_1)
FNF:2
FNH:1
FNDA:3,App
FNDA:0,(anonymous_1)
DA:21,3
DA:25,3
DA:26,0
DA:29,3
LF:4
LH:3
BRDA:37,0,0,0
BRDA:37,0,1,3
BRF:2
BRH:1
end_of_record
TN:
SF:src/kakao.js
FN:3,createKakaoBtn
FN:46,createMap
FNF:2
FNH:0
FNDA:0,createKakaoBtn
FNDA:0,createMap
DA:4,0
DA:5,0
DA:7,0
DA:8,0
DA:10,0
DA:11,0
DA:14,0
DA:47,0
DA:49,0
DA:54,0
DA:56,0
LF:11
LH:0
BRDA:7,0,0,0
BRDA:7,0,1,0
BRDA:10,1,0,0
BRDA:10,1,1,0
BRDA:19,2,0,0
BRDA:19,2,1,0
BRF:6
BRH:0
end_of_record
TN:
SF:src/slice.js
FN:64,(anonymous_0)
FN:71,(anonymous_1)
FN:79,(anonymous_2)
FN:87,(anonymous_3)
FN:95,(anonymous_4)
FN:103,(anonymous_5)
FN:114,(anonymous_6)
FN:128,(anonymous_7)
FN:135,(anonymous_8)
FN:142,(anonymous_9)
FN:149,(anonymous_10)
FN:157,(anonymous_11)
FN:167,(anonymous_12)
FN:178,(anonymous_13)
FN:190,(anonymous_14)
FN:212,(anonymous_15)
FN:236,(anonymous_16)
FN:238,(anonymous_17)
FN:259,(anonymous_18)
FN:283,(anonymous_19)
FN:285,(anonymous_20)
FN:305,(anonymous_21)
FN:341,setSituationFilter
FN:342,(anonymous_23)
FN:347,filter
FN:377,setCategoryFilter
FN:378,(anonymous_26)
FN:384,filterFromBase
FN:390,filterFromPlaceSorted
FN:396,previously
FN:417,setPlaceFilter
FN:418,(anonymous_31)
FN:425,filterFromBase
FN:431,filterFromCategorySorted
FN:437,previously
FN:459,loadResultRestaurants
FN:460,(anonymous_36)
FN:464,placesSearchCB
FN:469,(anonymous_38)
FN:492,resultMap
FN:500,loadAfterCourse
FN:525,findRestaurants
FN:526,(anonymous_42)
FN:535,(anonymous_43)
FN:553,setMoodFilter
FN:558,(anonymous_45)
FN:574,setRandomFilter
FN:575,(anonymous_47)
FN:577,(anonymous_48)
FN:593,(anonymous_49)
FNF:50
FNH:8
FNDA:0,(anonymous_0)
FNDA:0,(anonymous_1)
FNDA:1,(anonymous_2)
FNDA:0,(anonymous_3)
FNDA:0,(anonymous_4)
FNDA:0,(anonymous_5)
FNDA:0,(anonymous_6)
FNDA:0,(anonymous_7)
FNDA:0,(anonymous_8)
FNDA:0,(anonymous_9)
FNDA:0,(anonymous_10)
FNDA:0,(anonymous_11)
FNDA:0,(anonymous_12)
FNDA:0,(anonymous_13)
FNDA:1,(anonymous_14)
FNDA:1,(anonymous_15)
FNDA:0,(anonymous_16)
FNDA:0,(anonymous_17)
FNDA:1,(anonymous_18)
FNDA:0,(anonymous_19)
FNDA:0,(anonymous_20)
FNDA:0,(anonymous_21)
FNDA:3,setSituationFilter
FNDA:0,(anonymous_23)
FNDA:0,filter
FNDA:1,setCategoryFilter
FNDA:0,(anonymous_26)
FNDA:0,filterFromBase
FNDA:0,filterFromPlaceSorted
FNDA:0,previously
FNDA:1,setPlaceFilter
FNDA:0,(anonymous_31)
FNDA:0,filterFromBase
FNDA:0,filterFromCategorySorted
FNDA:0,previously
FNDA:0,loadResultRestaurants
FNDA:0,(anonymous_36)
FNDA:0,placesSearchCB
FNDA:0,(anonymous_38)
FNDA:0,resultMap
FNDA:0,loadAfterCourse
FNDA:0,findRestaurants
FNDA:0,(anonymous_42)
FNDA:0,(anonymous_43)
FNDA:0,setMoodFilter
FNDA:0,(anonymous_45)
FNDA:1,setRandomFilter
FNDA:0,(anonymous_47)
FNDA:0,(anonymous_48)
FNDA:0,(anonymous_49)
DA:23,9
DA:65,0
DA:72,0
DA:80,1
DA:88,0
DA:96,0
DA:104,0
DA:115,0
DA:117,0
DA:129,0
DA:136,0
DA:143,0
DA:150,0
DA:158,0
DA:168,0
DA:179,0
DA:193,1
DA:195,1
DA:197,0
DA:203,1
DA:217,1
DA:219,1
DA:223,0
DA:231,1
DA:234,0
DA:237,0
DA:239,0
DA:247,1
DA:264,1
DA:266,1
DA:270,0
DA:278,1
DA:281,0
DA:284,0
DA:286,0
DA:294,1
DA:306,0
DA:336,9
DA:342,3
DA:345,0
DA:348,0
DA:349,0
DA:350,0
DA:352,0
DA:353,0
DA:354,0
DA:355,0
DA:356,0
DA:358,0
DA:359,0
DA:360,0
DA:361,0
DA:362,0
DA:363,0
DA:364,0
DA:367,0
DA:370,0
DA:378,1
DA:382,0
DA:385,0
DA:386,0
DA:387,0
DA:391,0
DA:392,0
DA:393,0
DA:399,0
DA:400,0
DA:402,0
DA:406,0
DA:410,0
DA:418,1
DA:423,0
DA:426,0
DA:427,0
DA:428,0
DA:432,0
DA:433,0
DA:434,0
DA:440,0
DA:441,0
DA:442,0
DA:444,0
DA:448,0
DA:452,0
DA:460,0
DA:461,0
DA:462,0
DA:465,0
DA:466,0
DA:468,0
DA:469,0
DA:470,0
DA:472,0
DA:473,0
DA:476,0
DA:477,0
DA:478,0
DA:482,0
DA:483,0
DA:484,0
DA:485,0
DA:486,0
DA:487,0
DA:493,0
DA:494,0
DA:501,0
DA:502,0
DA:503,0
DA:505,0
DA:506,0
DA:507,0
DA:510,0
DA:511,0
DA:512,0
DA:514,0
DA:515,0
DA:516,0
DA:518,0
DA:526,0
DA:529,0
DA:531,0
DA:533,0
DA:534,0
DA:536,0
DA:537,0
DA:538,0
DA:539,0
DA:540,0
DA:541,0
DA:544,0
DA:545,0
DA:548,0
DA:554,0
DA:556,0
DA:557,0
DA:559,0
DA:560,0
DA:561,0
DA:565,0
DA:566,0
DA:575,1
DA:577,0
DA:578,0
DA:579,0
DA:583,0
DA:584,0
DA:588,0
DA:593,0
DA:594,0
DA:595,0
DA:599,0
DA:600,0
DA:604,0
DA:609,0
DA:611,0
LF:155
LH:18
BRDA:195,0,0,0
BRDA:195,0,1,1
BRDA:195,1,0,1
BRDA:195,1,1,0
BRDA:219,2,0,0
BRDA:219,2,1,1
BRDA:220,3,0,1
BRDA:220,3,1,0
BRDA:231,4,0,0
BRDA:231,4,1,1
BRDA:232,5,0,1
BRDA:232,5,1,1
BRDA:266,6,0,0
BRDA:266,6,1,1
BRDA:267,7,0,1
BRDA:267,7,1,0
BRDA:278,8,0,0
BRDA:278,8,1,1
BRDA:279,9,0,1
BRDA:279,9,1,1
BRDA:348,10,0,0
BRDA:348,10,1,0
BRDA:352,11,0,0
BRDA:352,11,1,0
BRDA:358,12,0,0
BRDA:358,12,1,0
BRDA:399,13,0,0
BRDA:399,13,1,0
BRDA:440,14,0,0
BRDA:440,14,1,0
BRDA:442,15,0,0
BRDA:442,15,1,0
BRDA:442,16,0,0
BRDA:442,16,1,0
BRDA:465,17,0,0
BRDA:465,17,1,0
BRDA:472,18,0,0
BRDA:472,18,1,0
BRDA:482,19,0,0
BRDA:482,19,1,0
BRDA:485,20,0,0
BRDA:485,20,1,0
BRDA:514,21,0,0
BRDA:514,21,1,0
BRDA:536,22,0,0
BRDA:536,22,1,0
BRDA:538,23,0,0
BRDA:538,23,1,0
BRDA:540,24,0,0
BRDA:540,24,1,0
BRDA:544,25,0,0
BRDA:544,25,1,0
BRDA:559,26,0,0
BRDA:559,26,1,0
BRDA:560,27,0,0
BRDA:560,27,1,0
BRDA:560,28,0,0
BRDA:560,28,1,0
BRDA:565,29,0,0
BRDA:565,29,1,0
BRF:60
BRH:12
end_of_record
TN:
SF:src/utils.js
FN:1,randomRestaurant
FN:5,nameFilter
FN:7,(anonymous_2)
FN:12,situationFilter
FN:14,(anonymous_4)
FN:19,placeFilter
FN:21,(anonymous_6)
FN:26,ageFilter
FN:28,(anonymous_8)
FN:33,categoryFilter
FN:35,(anonymous_10)
FNF:11
FNH:0
FNDA:0,randomRestaurant
FNDA:0,nameFilter
FNDA:0,(anonymous_2)
FNDA:0,situationFilter
FNDA:0,(anonymous_4)
FNDA:0,placeFilter
FNDA:0,(anonymous_6)
FNDA:0,ageFilter
FNDA:0,(anonymous_8)
FNDA:0,categoryFilter
FNDA:0,(anonymous_10)
DA:2,0
DA:6,0
DA:8,0
DA:13,0
DA:15,0
DA:20,0
DA:22,0
DA:27,0
DA:29,0
DA:34,0
DA:36,0
LF:11
LH:0
BRF:0
BRH:0
end_of_record
TN:
SF:src/components/home/HomeCarousel.jsx
FN:17,(anonymous_0)
FN:37,HomeCarousel
FNF:2
FNH:2
FNDA:1,(anonymous_0)
FNDA:1,HomeCarousel
DA:12,2
DA:17,2
DA:38,1
LF:3
LH:3
BRF:0
BRH:0
end_of_record
TN:
SF:src/components/kakao/KakaoMapBtn.jsx
FN:10,(anonymous_0)
FN:27,KakaoMapBtn
FN:28,handleClick
FN:35,(anonymous_3)
FNF:4
FNH:2
FNDA:1,(anonymous_0)
FNDA:1,KakaoMapBtn
FNDA:0,handleClick
FNDA:0,(anonymous_3)
DA:5,2
DA:10,2
DA:29,0
DA:32,1
DA:35,0
LF:5
LH:3
BRF:0
BRH:0
end_of_record
TN:
SF:src/components/kakao/KakaoShareBtn.jsx
FN:14,(anonymous_0)
FN:31,KakaoShareBtn
FN:32,(anonymous_2)
FNF:3
FNH:0
FNDA:0,(anonymous_0)
FNDA:0,KakaoShareBtn
FNDA:0,(anonymous_2)
DA:9,1
DA:14,1
DA:32,0
DA:33,0
DA:36,0
LF:5
LH:2
BRF:0
BRH:0
end_of_record
TN:
SF:src/components/random/RandomAgeCategoryRestaurants.jsx
FN:14,(anonymous_0)
FN:19,(anonymous_1)
FN:31,(anonymous_2)
FN:45,(anonymous_3)
FN:66,RandomAgeCategoryRestaurants
FN:67,(anonymous_5)
FN:70,(anonymous_6)
FN:73,(anonymous_7)
FN:77,condition
FN:98,(anonymous_9)
FNF:10
FNH:7
FNDA:1,(anonymous_0)
FNDA:1,(anonymous_1)
FNDA:1,(anonymous_2)
FNDA:1,(anonymous_3)
FNDA:1,RandomAgeCategoryRestaurants
FNDA:0,(anonymous_5)
FNDA:0,(anonymous_6)
FNDA:0,(anonymous_7)
FNDA:1,condition
FNDA:1,(anonymous_9)
DA:9,3
DA:14,3
DA:19,3
DA:26,3
DA:31,3
DA:45,3
DA:67,1
DA:68,0
DA:70,1
DA:71,0
DA:73,1
DA:74,0
DA:78,1
DA:82,0
DA:83,1
DA:84,0
DA:86,1
DA:90,1
DA:92,1
DA:99,1
LF:20
LH:15
BRDA:78,0,0,0
BRDA:78,0,1,1
BRDA:79,1,0,1
BRDA:79,1,1,1
BRDA:83,2,0,0
BRDA:83,2,1,1
BRDA:111,3,0,1
BRDA:111,3,1,0
BRF:8
BRH:5
end_of_record
TN:
SF:src/components/random/RandomSituationPlaceRestaurants.jsx
FN:14,(anonymous_0)
FN:19,(anonymous_1)
FN:31,(anonymous_2)
FN:45,(anonymous_3)
FN:66,RandomSituationPlaceRestaurants
FN:67,(anonymous_5)
FN:70,(anonymous_6)
FN:73,(anonymous_7)
FN:77,condition
FN:104,(anonymous_9)
FNF:10
FNH:7
FNDA:1,(anonymous_0)
FNDA:1,(anonymous_1)
FNDA:1,(anonymous_2)
FNDA:1,(anonymous_3)
FNDA:1,RandomSituationPlaceRestaurants
FNDA:0,(anonymous_5)
FNDA:0,(anonymous_6)
FNDA:0,(anonymous_7)
FNDA:1,condition
FNDA:1,(anonymous_9)
DA:9,3
DA:14,3
DA:19,3
DA:26,3
DA:31,3
DA:45,3
DA:67,1
DA:68,0
DA:70,1
DA:71,0
DA:73,1
DA:74,0
DA:78,1
DA:83,0
DA:84,1
DA:87,0
DA:88,1
DA:92,0
DA:96,1
DA:98,1
DA:105,1
LF:21
LH:15
BRDA:78,0,0,0
BRDA:78,0,1,1
BRDA:79,1,0,1
BRDA:79,1,1,1
BRDA:79,1,2,1
BRDA:84,2,0,0
BRDA:84,2,1,1
BRDA:88,3,0,0
BRDA:88,3,1,1
BRDA:89,4,0,1
BRDA:89,4,1,1
BRDA:117,5,0,1
BRDA:117,5,1,0
BRF:13
BRH:9
end_of_record
TN:
SF:src/components/restaurants/RestaurantAfterCafe.jsx
FN:12,(anonymous_0)
FN:18,(anonymous_1)
FN:26,(anonymous_2)
FN:33,(anonymous_3)
FN:48,RestaurantAfterCafe
FN:52,(anonymous_5)
FNF:6
FNH:0
FNDA:0,(anonymous_0)
FNDA:0,(anonymous_1)
FNDA:0,(anonymous_2)
FNDA:0,(anonymous_3)
FNDA:0,RestaurantAfterCafe
FNDA:0,(anonymous_5)
DA:7,1
DA:12,1
DA:18,1
DA:26,1
DA:33,1
DA:49,0
DA:53,0
LF:7
LH:5
BRF:0
BRH:0
end_of_record
TN:
SF:src/components/restaurants/RestaurantAfterRestaurant.jsx
FN:12,(anonymous_0)
FN:18,(anonymous_1)
FN:26,(anonymous_2)
FN:33,(anonymous_3)
FN:48,RestaurantAfterRestaurant
FN:52,(anonymous_5)
FNF:6
FNH:0
FNDA:0,(anonymous_0)
FNDA:0,(anonymous_1)
FNDA:0,(anonymous_2)
FNDA:0,(anonymous_3)
FNDA:0,RestaurantAfterRestaurant
FNDA:0,(anonymous_5)
DA:7,1
DA:12,1
DA:18,1
DA:26,1
DA:33,1
DA:49,0
DA:53,0
LF:7
LH:5
BRF:0
BRH:0
end_of_record
TN:
SF:src/components/restaurants/RestaurantsAfterBar.jsx
FN:12,(anonymous_0)
FN:18,(anonymous_1)
FN:26,(anonymous_2)
FN:33,(anonymous_3)
FN:48,RestaurantsAfterBar
FN:52,(anonymous_5)
FNF:6
FNH:0
FNDA:0,(anonymous_0)
FNDA:0,(anonymous_1)
FNDA:0,(anonymous_2)
FNDA:0,(anonymous_3)
FNDA:0,RestaurantsAfterBar
FNDA:0,(anonymous_5)
DA:7,1
DA:12,1
DA:18,1
DA:26,1
DA:33,1
DA:49,0
DA:53,0
LF:7
LH:5
BRF:0
BRH:0
end_of_record
TN:
SF:src/components/restaurants/RestaurantsAfterRecommendation.jsx
FN:12,(anonymous_0)
FN:24,(anonymous_1)
FN:33,(anonymous_2)
FN:40,(anonymous_3)
FN:51,RestaurantsAfterRecommendation
FN:58,(anonymous_5)
FNF:6
FNH:0
FNDA:0,(anonymous_0)
FNDA:0,(anonymous_1)
FNDA:0,(anonymous_2)
FNDA:0,(anonymous_3)
FNDA:0,RestaurantsAfterRecommendation
FNDA:0,(anonymous_5)
DA:7,1
DA:12,1
DA:24,1
DA:33,1
DA:40,1
DA:52,0
DA:59,0
LF:7
LH:5
BRDA:55,0,0,0
BRDA:55,0,1,0
BRF:2
BRH:0
end_of_record
TN:
SF:src/components/restaurants/RestaurantsDetailContents.jsx
FN:13,(anonymous_0)
FN:17,(anonymous_1)
FN:35,(anonymous_2)
FN:46,(anonymous_3)
FN:53,(anonymous_4)
FN:66,(anonymous_5)
FN:74,(anonymous_6)
FN:78,(anonymous_7)
FN:84,(anonymous_8)
FN:89,RestaurantsDetailContents
FNF:10
FNH:0
FNDA:0,(anonymous_0)
FNDA:0,(anonymous_1)
FNDA:0,(anonymous_2)
FNDA:0,(anonymous_3)
FNDA:0,(anonymous_4)
FNDA:0,(anonymous_5)
FNDA:0,(anonymous_6)
FNDA:0,(anonymous_7)
FNDA:0,(anonymous_8)
FNDA:0,RestaurantsDetailContents
DA:8,1
DA:13,1
DA:17,1
DA:35,1
DA:46,1
DA:53,1
DA:66,1
DA:74,1
DA:78,1
DA:84,1
DA:96,0
LF:11
LH:10
BRDA:101,0,0,0
BRDA:101,0,1,0
BRDA:121,1,0,0
BRDA:121,1,1,0
BRDA:134,2,0,0
BRDA:134,2,1,0
BRF:6
BRH:0
end_of_record
TN:
SF:src/components/restaurants/RestaurantsMap.jsx
FN:13,(anonymous_0)
FN:27,(anonymous_1)
FN:36,(anonymous_2)
FN:42,(anonymous_3)
FN:46,RestaurantsMap
FNF:5
FNH:0
FNDA:0,(anonymous_0)
FNDA:0,(anonymous_1)
FNDA:0,(anonymous_2)
FNDA:0,(anonymous_3)
FNDA:0,RestaurantsMap
DA:8,1
DA:13,1
DA:27,1
DA:36,1
DA:42,1
DA:47,0
LF:6
LH:5
BRDA:49,0,0,0
BRDA:49,0,1,0
BRF:2
BRH:0
end_of_record
TN:
SF:src/components/search/SearchForm.jsx
FN:12,(anonymous_0)
FN:25,(anonymous_1)
FN:33,(anonymous_2)
FN:40,SearchForm
FN:44,handleChange
FN:60,(anonymous_5)
FNF:6
FNH:5
FNDA:2,(anonymous_0)
FNDA:2,(anonymous_1)
FNDA:2,(anonymous_2)
FNDA:2,SearchForm
FNDA:1,handleChange
FNDA:0,(anonymous_5)
DA:7,2
DA:12,2
DA:25,2
DA:33,2
DA:41,2
DA:42,2
DA:45,1
DA:46,1
DA:49,2
DA:61,0
LF:10
LH:9
BRDA:56,0,0,2
BRDA:56,0,1,2
BRDA:61,1,0,0
BRDA:61,1,1,0
BRF:4
BRH:2
end_of_record
TN:
SF:src/components/search/SearchFormMock.jsx
FN:12,(anonymous_0)
FN:25,(anonymous_1)
FN:33,(anonymous_2)
FN:40,SearchFormMock
FNF:4
FNH:0
FNDA:0,(anonymous_0)
FNDA:0,(anonymous_1)
FNDA:0,(anonymous_2)
FNDA:0,SearchFormMock
DA:7,1
DA:12,1
DA:25,1
DA:33,1
DA:41,0
LF:5
LH:4
BRDA:47,0,0,0
BRDA:47,0,1,0
BRF:2
BRH:0
end_of_record
TN:
SF:src/components/search/SearchResultRestaurants.jsx
FN:12,(anonymous_0)
FN:20,(anonymous_1)
FN:32,(anonymous_2)
FN:46,(anonymous_3)
FN:67,SearchResultRestaurants
FN:74,(anonymous_5)
FNF:6
FNH:0
FNDA:0,(anonymous_0)
FNDA:0,(anonymous_1)
FNDA:0,(anonymous_2)
FNDA:0,(anonymous_3)
FNDA:0,SearchResultRestaurants
FNDA:0,(anonymous_5)
DA:7,1
DA:12,1
DA:20,1
DA:27,1
DA:32,1
DA:46,1
DA:68,0
DA:75,0
LF:8
LH:6
BRDA:87,0,0,0
BRDA:87,0,1,0
BRF:2
BRH:0
end_of_record
TN:
SF:src/components/sidebar/SideBar.jsx
FN:61,SideBar
FNF:1
FNH:0
FNDA:0,SideBar
DA:5,1
DA:20,1
DA:25,1
DA:33,1
DA:49,1
DA:62,0
LF:6
LH:5
BRF:0
BRH:0
end_of_record
TN:
SF:src/components/sidebar/SideBarLeft.jsx
FN:35,SideBarLeft
FN:41,(anonymous_1)
FNF:2
FNH:1
FNDA:3,SideBarLeft
FNDA:0,(anonymous_1)
DA:5,1
DA:23,1
DA:29,1
DA:36,3
DA:41,0
LF:5
LH:4
BRF:0
BRH:0
end_of_record
TN:
SF:src/components/sidebar/SideBarMenu.jsx
FN:73,SideBarMenu
FN:80,(anonymous_1)
FN:91,(anonymous_2)
FN:100,(anonymous_3)
FN:109,(anonymous_4)
FN:118,(anonymous_5)
FNF:6
FNH:0
FNDA:0,SideBarMenu
FNDA:0,(anonymous_1)
FNDA:0,(anonymous_2)
FNDA:0,(anonymous_3)
FNDA:0,(anonymous_4)
FNDA:0,(anonymous_5)
DA:5,1
DA:23,1
DA:30,1
DA:36,1
DA:56,1
DA:74,0
DA:80,0
DA:91,0
DA:100,0
DA:109,0
DA:118,0
LF:11
LH:5
BRF:0
BRH:0
end_of_record
TN:
SF:src/components/topbar/TopBackBar.jsx
FN:14,(anonymous_0)
FN:35,TopBackBar
FN:36,handleClickBack
FN:42,(anonymous_3)
FNF:4
FNH:0
FNDA:0,(anonymous_0)
FNDA:0,TopBackBar
FNDA:0,handleClickBack
FNDA:0,(anonymous_3)
DA:9,1
DA:14,1
DA:37,0
DA:40,0
DA:42,0
LF:5
LH:2
BRF:0
BRH:0
end_of_record
TN:
SF:src/components/topbar/TopBar.jsx
FN:13,(anonymous_0)
FN:21,TopBar
FNF:2
FNH:2
FNDA:5,(anonymous_0)
FNDA:5,TopBar
DA:8,3
DA:13,5
DA:22,5
LF:3
LH:3
BRF:0
BRH:0
end_of_record
TN:
SF:src/components/topbar/TopNavBar.jsx
FN:12,(anonymous_0)
FN:32,TopNavBar
FNF:2
FNH:2
FNDA:5,(anonymous_0)
FNDA:5,TopNavBar
DA:7,3
DA:12,5
DA:33,5
DA:37,5
LF:4
LH:4
BRDA:42,0,0,2
BRDA:42,0,1,3
BRDA:53,1,0,0
BRDA:53,1,1,5
BRDA:57,2,0,0
BRDA:57,2,1,5
BRDA:64,3,0,0
BRDA:64,3,1,5
BRDA:68,4,0,0
BRDA:68,4,1,5
BRDA:75,5,0,3
BRDA:75,5,1,2
BRDA:79,6,0,0
BRDA:79,6,1,5
BRF:14
BRH:9
end_of_record
TN:
SF:src/components/topbar/TopSearchBar.jsx
FN:12,(anonymous_0)
FN:30,TopSearchBar
FNF:2
FNH:2
FNDA:6,(anonymous_0)
FNDA:6,TopSearchBar
DA:7,4
DA:12,6
DA:31,6
LF:3
LH:3
BRF:0
BRH:0
end_of_record
TN:
SF:src/containers/custom/CustomCategoryFilterContainer.jsx
FN:18,(anonymous_0)
FN:21,(anonymous_1)
FN:34,(anonymous_2)
FN:47,CustomCategoryFilterContainer
FN:48,(anonymous_4)
FN:55,handleClickCategory
FN:59,(anonymous_6)
FN:61,(anonymous_7)
FN:63,(anonymous_8)
FN:72,(anonymous_9)
FN:76,(anonymous_10)
FNF:11
FNH:7
FNDA:2,(anonymous_0)
FNDA:2,(anonymous_1)
FNDA:6,(anonymous_2)
FNDA:2,CustomCategoryFilterContainer
FNDA:0,(anonymous_4)
FNDA:1,handleClickCategory
FNDA:0,(anonymous_6)
FNDA:0,(anonymous_7)
FNDA:0,(anonymous_8)
FNDA:6,(anonymous_9)
FNDA:1,(anonymous_10)
DA:13,3
DA:18,3
DA:21,3
DA:34,6
DA:48,2
DA:49,0
DA:51,2
DA:53,2
DA:56,1
DA:59,2
DA:60,0
DA:61,2
DA:62,0
DA:63,2
DA:64,0
DA:66,2
DA:73,6
DA:76,1
LF:18
LH:14
BRDA:69,0,0,0
BRDA:69,0,1,2
BRDA:78,1,0,0
BRDA:78,1,1,6
BRF:4
BRH:2
end_of_record
TN:
SF:src/containers/custom/CustomPlaceFilterContainer.jsx
FN:18,(anonymous_0)
FN:22,(anonymous_1)
FN:35,(anonymous_2)
FN:48,CustomPlaceFilterContainer
FN:49,(anonymous_4)
FN:56,handleClickPlace
FN:60,(anonymous_6)
FN:62,(anonymous_7)
FN:64,(anonymous_8)
FN:73,(anonymous_9)
FN:77,(anonymous_10)
FNF:11
FNH:7
FNDA:2,(anonymous_0)
FNDA:2,(anonymous_1)
FNDA:6,(anonymous_2)
FNDA:2,CustomPlaceFilterContainer
FNDA:0,(anonymous_4)
FNDA:1,handleClickPlace
FNDA:0,(anonymous_6)
FNDA:0,(anonymous_7)
FNDA:0,(anonymous_8)
FNDA:6,(anonymous_9)
FNDA:1,(anonymous_10)
DA:13,3
DA:18,3
DA:22,3
DA:35,6
DA:49,2
DA:50,0
DA:52,2
DA:54,2
DA:57,1
DA:60,2
DA:61,0
DA:62,2
DA:63,0
DA:64,2
DA:65,0
DA:67,2
DA:74,6
DA:77,1
LF:18
LH:14
BRDA:70,0,0,0
BRDA:70,0,1,2
BRDA:79,1,0,0
BRDA:79,1,1,6
BRF:4
BRH:2
end_of_record
TN:
SF:src/containers/custom/CustomRestaurantsContainer.jsx
FN:16,(anonymous_0)
FN:24,(anonymous_1)
FN:33,(anonymous_2)
FN:51,(anonymous_3)
FN:86,CustomRestaurantsContainer
FN:87,(anonymous_5)
FN:98,(anonymous_6)
FNF:7
FNH:6
FNDA:4,(anonymous_0)
FNDA:4,(anonymous_1)
FNDA:3,(anonymous_2)
FNDA:3,(anonymous_3)
FNDA:4,CustomRestaurantsContainer
FNDA:0,(anonymous_5)
FNDA:3,(anonymous_6)
DA:11,3
DA:16,4
DA:24,4
DA:33,3
DA:51,3
DA:87,4
DA:88,0
DA:90,4
DA:92,4
DA:99,3
LF:10
LH:9
BRDA:112,0,0,3
BRDA:112,0,1,0
BRF:2
BRH:1
end_of_record
TN:
SF:src/containers/restaurants/RestaurantAfterContainer.jsx
FN:17,(anonymous_0)
FN:26,(anonymous_1)
FN:35,RestaurantAfterContainer
FN:41,(anonymous_3)
FNF:4
FNH:0
FNDA:0,(anonymous_0)
FNDA:0,(anonymous_1)
FNDA:0,RestaurantAfterContainer
FNDA:0,(anonymous_3)
DA:12,1
DA:17,1
DA:26,1
DA:41,0
DA:43,0
LF:5
LH:3
BRDA:45,0,0,0
BRDA:45,0,1,0
BRDA:51,1,0,0
BRDA:51,1,1,0
BRF:4
BRH:0
end_of_record
TN:
SF:src/containers/restaurants/RestaurantDetailContainer.jsx
FN:16,(anonymous_0)
FN:24,RestaurantDetailContainer
FN:29,(anonymous_2)
FNF:3
FNH:0
FNDA:0,(anonymous_0)
FNDA:0,RestaurantDetailContainer
FNDA:0,(anonymous_2)
DA:11,1
DA:16,1
DA:29,0
DA:33,0
DA:35,0
LF:5
LH:2
BRF:0
BRH:0
end_of_record
TN:
SF:src/containers/search/SearchContainer.jsx
FN:10,SearchContainer
FN:13,handleClickSearch
FN:17,handleChangeKeyword
FN:21,(anonymous_3)
FNF:4
FNH:0
FNDA:0,SearchContainer
FNDA:0,handleClickSearch
FNDA:0,handleChangeKeyword
FNDA:0,(anonymous_3)
DA:11,0
DA:14,0
DA:18,0
DA:21,0
DA:22,0
DA:25,0
LF:6
LH:0
BRF:0
BRH:0
end_of_record
TN:
SF:src/containers/search/SearchResultContainer.jsx
FN:15,(anonymous_0)
FN:32,SearchResultContainer
FNF:2
FNH:0
FNDA:0,(anonymous_0)
FNDA:0,SearchResultContainer
DA:10,1
DA:15,1
DA:33,0
LF:3
LH:2
BRDA:35,0,0,0
BRDA:35,0,1,0
BRF:2
BRH:0
end_of_record
TN:
SF:src/containers/sidebar/SideBarContainer.jsx
FN:12,SideBarContainer
FN:15,handleClickHamberger
FN:19,handleClickClose
FNF:3
FNH:1
FNDA:3,SideBarContainer
FNDA:0,handleClickHamberger
FNDA:0,handleClickClose
DA:13,3
DA:16,0
DA:20,0
DA:23,3
LF:4
LH:2
BRDA:25,0,0,0
BRDA:25,0,1,3
BRDA:27,1,0,0
BRDA:27,1,1,3
BRF:4
BRH:2
end_of_record
TN:
SF:src/containers/situationSelect/SituationSelectContainer.jsx
FN:16,(anonymous_0)
FN:23,(anonymous_1)
FN:31,(anonymous_2)
FN:39,(anonymous_3)
FN:47,SituationSelectContainer
FN:50,handleClickSelection
FN:58,(anonymous_6)
FN:71,(anonymous_7)
FN:84,(anonymous_8)
FNF:9
FNH:9
FNDA:3,(anonymous_0)
FNDA:3,(anonymous_1)
FNDA:3,(anonymous_2)
FNDA:3,(anonymous_3)
FNDA:3,SituationSelectContainer
FNDA:3,handleClickSelection
FNDA:1,(anonymous_6)
FNDA:1,(anonymous_7)
FNDA:1,(anonymous_8)
DA:11,3
DA:16,3
DA:23,3
DA:31,3
DA:39,3
DA:48,3
DA:51,3
DA:54,3
DA:58,1
DA:71,1
DA:84,1
LF:11
LH:11
BRDA:60,0,0,0
BRDA:60,0,1,3
BRDA:73,1,0,0
BRDA:73,1,1,3
BRDA:86,2,0,0
BRDA:86,2,1,3
BRF:6
BRH:3
end_of_record
TN:
SF:src/containers/situationSelect/SituationSelectStartBtnContainer.jsx
FN:18,(anonymous_0)
FN:25,(anonymous_1)
FN:37,SituationSelectStartBtnContainer
FN:40,(anonymous_3)
FN:44,handleClickUpdate
FN:57,(anonymous_5)
FN:74,(anonymous_6)
FNF:7
FNH:7
FNDA:4,(anonymous_0)
FNDA:8,(anonymous_1)
FNDA:4,SituationSelectStartBtnContainer
FNDA:1,(anonymous_3)
FNDA:2,handleClickUpdate
FNDA:1,(anonymous_5)
FNDA:1,(anonymous_6)
DA:13,3
DA:18,4
DA:25,8
DA:38,4
DA:40,4
DA:41,1
DA:46,2
DA:52,4
DA:57,1
DA:74,1
LF:10
LH:10
BRDA:46,0,0,2
BRDA:46,0,1,0
BRDA:54,1,0,3
BRDA:54,1,1,1
BRDA:58,2,0,1
BRDA:58,2,1,0
BRDA:62,3,0,3
BRDA:62,3,1,1
BRDA:76,4,0,3
BRDA:76,4,1,1
BRF:10
BRH:8
end_of_record
TN:
SF:src/pages/CustomPage.jsx
FN:28,(anonymous_0)
FN:37,(anonymous_1)
FN:51,(anonymous_2)
FN:69,(anonymous_3)
FN:95,CustomPage
FN:102,(anonymous_5)
FN:106,filter
FN:116,(anonymous_7)
FN:120,(anonymous_8)
FN:122,(anonymous_9)
FN:124,(anonymous_10)
FNF:11
FNH:4
FNDA:3,(anonymous_0)
FNDA:0,(anonymous_1)
FNDA:0,(anonymous_2)
FNDA:0,(anonymous_3)
FNDA:3,CustomPage
FNDA:0,(anonymous_5)
FNDA:3,filter
FNDA:3,(anonymous_7)
FNDA:0,(anonymous_8)
FNDA:0,(anonymous_9)
FNDA:0,(anonymous_10)
DA:23,2
DA:28,3
DA:37,2
DA:51,2
DA:69,2
DA:96,3
DA:100,3
DA:102,3
DA:103,0
DA:107,3
DA:108,0
DA:111,3
DA:114,3
DA:116,3
DA:117,3
DA:120,3
DA:121,0
DA:122,3
DA:123,0
DA:124,3
DA:125,0
DA:127,3
LF:22
LH:17
BRDA:107,0,0,0
BRDA:107,0,1,3
BRDA:131,1,0,0
BRDA:131,1,1,3
BRDA:133,2,0,0
BRDA:133,2,1,3
BRDA:135,3,0,3
BRDA:135,3,1,0
BRDA:141,4,0,0
BRDA:141,4,1,3
BRDA:155,5,0,0
BRDA:155,5,1,0
BRDA:160,6,0,0
BRDA:160,6,1,0
BRDA:172,7,0,0
BRDA:172,7,1,0
BRDA:191,8,0,0
BRDA:191,8,1,3
BRDA:205,9,0,0
BRDA:205,9,1,0
BRDA:208,10,0,0
BRDA:208,10,1,0
BRDA:220,11,0,0
BRDA:220,11,1,0
BRDA:239,12,0,0
BRDA:239,12,1,3
BRDA:253,13,0,0
BRDA:253,13,1,0
BRDA:256,14,0,0
BRDA:256,14,1,0
BRF:30
BRH:7
end_of_record
TN:
SF:src/pages/HomePage.jsx
FN:26,(anonymous_0)
FN:34,(anonymous_1)
FN:39,(anonymous_2)
FN:47,(anonymous_3)
FN:66,(anonymous_4)
FN:83,HomePage
FN:86,(anonymous_6)
FNF:7
FNH:7
FNDA:1,(anonymous_0)
FNDA:1,(anonymous_1)
FNDA:1,(anonymous_2)
FNDA:1,(anonymous_3)
FNDA:1,(anonymous_4)
FNDA:1,HomePage
FNDA:1,(anonymous_6)
DA:21,2
DA:26,2
DA:34,2
DA:39,2
DA:47,2
DA:66,2
DA:84,1
DA:86,1
DA:87,1
DA:90,1
LF:10
LH:10
BRF:0
BRH:0
end_of_record
TN:
SF:src/pages/RestaurantPage.jsx
FN:30,(anonymous_0)
FN:38,(anonymous_1)
FN:46,RestaurantPage
FN:53,(anonymous_3)
FN:57,(anonymous_4)
FNF:5
FNH:0
FNDA:0,(anonymous_0)
FNDA:0,(anonymous_1)
FNDA:0,RestaurantPage
FNDA:0,(anonymous_3)
FNDA:0,(anonymous_4)
DA:25,1
DA:30,1
DA:38,1
DA:47,0
DA:48,0
DA:49,0
DA:51,0
DA:53,0
DA:54,0
DA:57,0
DA:58,0
DA:59,0
DA:62,0
LF:13
LH:3
BRDA:47,0,0,0
BRDA:47,0,1,0
BRF:2
BRH:0
end_of_record
TN:
SF:src/pages/SearchPage.jsx
FN:24,(anonymous_0)
FN:29,(anonymous_1)
FN:42,SearchPage
FN:45,(anonymous_3)
FN:49,(anonymous_4)
FN:52,(anonymous_5)
FNF:6
FNH:0
FNDA:0,(anonymous_0)
FNDA:0,(anonymous_1)
FNDA:0,SearchPage
FNDA:0,(anonymous_3)
FNDA:0,(anonymous_4)
FNDA:0,(anonymous_5)
DA:19,1
DA:24,1
DA:29,1
DA:43,0
DA:45,0
DA:46,0
DA:49,0
DA:50,0
DA:52,0
DA:53,0
DA:56,0
LF:11
LH:3
BRDA:62,0,0,0
BRDA:62,0,1,0
BRF:2
BRH:0
end_of_record
TN:
SF:src/pages/SearchResultRestaurantPage.jsx
FN:29,(anonymous_0)
FN:37,SearchResultRestaurantPage
FN:44,(anonymous_2)
FN:48,(anonymous_3)
FNF:4
FNH:0
FNDA:0,(anonymous_0)
FNDA:0,SearchResultRestaurantPage
FNDA:0,(anonymous_2)
FNDA:0,(anonymous_3)
DA:24,1
DA:29,1
DA:38,0
DA:39,0
DA:40,0
DA:42,0
DA:44,0
DA:45,0
DA:48,0
DA:49,0
DA:50,0
DA:53,0
DA:55,0
LF:13
LH:2
BRDA:38,0,0,0
BRDA:38,0,1,0
BRF:2
BRH:0
end_of_record
TN:
SF:src/pages/SituationSelectPage.jsx
FN:25,(anonymous_0)
FN:51,SituationSelectPage
FN:58,(anonymous_2)
FN:62,(anonymous_3)
FNF:4
FNH:4
FNDA:2,(anonymous_0)
FNDA:2,SituationSelectPage
FNDA:2,(anonymous_2)
FNDA:1,(anonymous_3)
DA:20,2
DA:25,2
DA:34,2
DA:52,2
DA:56,2
DA:58,2
DA:59,2
DA:62,2
DA:64,2
LF:9
LH:9
BRDA:71,0,0,0
BRDA:71,0,1,2
BRF:2
BRH:1
end_of_record
TN:
SF:src/services/api.js
FN:1,fetchAfterRestaurants
FN:19,fetchAfterCafes
FN:37,fetchAfterBars
FN:55,fetchRecommendCourse
FNF:4
FNH:0
FNDA:0,fetchAfterRestaurants
FNDA:0,fetchAfterCafes
FNDA:0,fetchAfterBars
FNDA:0,fetchRecommendCourse
DA:2,0
DA:3,0
DA:6,0
DA:14,0
DA:15,0
DA:20,0
DA:21,0
DA:24,0
DA:32,0
DA:33,0
DA:38,0
DA:39,0
DA:42,0
DA:50,0
DA:51,0
DA:56,0
DA:57,0
DA:60,0
DA:68,0
DA:69,0
LF:20
LH:0
BRDA:2,0,0,0
BRDA:2,0,1,0
BRDA:2,1,0,0
BRDA:2,1,1,0
BRDA:20,2,0,0
BRDA:20,2,1,0
BRDA:20,3,0,0
BRDA:20,3,1,0
BRDA:38,4,0,0
BRDA:38,4,1,0
BRDA:38,5,0,0
BRDA:38,5,1,0
BRDA:56,6,0,0
BRDA:56,6,1,0
BRDA:56,7,0,0
BRDA:56,7,1,0
BRF:16
BRH:0
end_of_record
TN:
SF:src/services/storage.js
FN:1,saveItem
FN:5,loadItem
FN:9,removeItem
FNF:3
FNH:2
FNDA:3,saveItem
FNDA:1,loadItem
FNDA:0,removeItem
DA:2,3
DA:6,1
DA:10,0
LF:3
LH:2
BRF:0
BRH:0
end_of_record
